<?xml version="1.0" encoding="UTF-8" standalone="yes"?><!DOCTYPE report PUBLIC "-//JACOCO//DTD Report 1.1//EN" "report.dtd"><report name="Deca Compiler"><sessioninfo id="mounsef-MacBookAir-d2157617" start="1705842939771" dump="1705842941479"/><sessioninfo id="mounsef-MacBookAir-321ee684" start="1705842941774" dump="1705842941814"/><sessioninfo id="mounsef-MacBookAir-5d756386" start="1705842941988" dump="1705842942038"/><sessioninfo id="mounsef-MacBookAir-3ef8585d" start="1705842942251" dump="1705842942331"/><sessioninfo id="mounsef-MacBookAir-d757e78d" start="1705842942515" dump="1705842942609"/><sessioninfo id="mounsef-MacBookAir-9ec3fb6f" start="1705842942777" dump="1705842942845"/><sessioninfo id="mounsef-MacBookAir-20d57f1a" start="1705842943075" dump="1705842943195"/><sessioninfo id="mounsef-MacBookAir-fca27bf" start="1705842943384" dump="1705842943469"/><sessioninfo id="mounsef-MacBookAir-98727d3c" start="1705842943643" dump="1705842943720"/><sessioninfo id="mounsef-MacBookAir-d5686943" start="1705842943932" dump="1705842944027"/><sessioninfo id="mounsef-MacBookAir-1e3eecc4" start="1705842944209" dump="1705842944282"/><sessioninfo id="mounsef-MacBookAir-32a28109" start="1705842944473" dump="1705842944551"/><sessioninfo id="mounsef-MacBookAir-6c7c7a3e" start="1705842944743" dump="1705842944814"/><sessioninfo id="mounsef-MacBookAir-eddde4b3" start="1705842945001" dump="1705842945064"/><sessioninfo id="mounsef-MacBookAir-479bfd3d" start="1705842945239" dump="1705842945312"/><sessioninfo id="mounsef-MacBookAir-aac75ec9" start="1705842945507" dump="1705842945590"/><sessioninfo id="mounsef-MacBookAir-811723c1" start="1705842945783" dump="1705842945861"/><sessioninfo id="mounsef-MacBookAir-8aa394a6" start="1705842946056" dump="1705842946117"/><sessioninfo id="mounsef-MacBookAir-25829bf0" start="1705842946306" dump="1705842946372"/><sessioninfo id="mounsef-MacBookAir-11533273" start="1705842946556" dump="1705842946641"/><sessioninfo id="mounsef-MacBookAir-336b1a0c" start="1705842946840" dump="1705842946927"/><sessioninfo id="mounsef-MacBookAir-126745a1" start="1705842947120" dump="1705842947197"/><sessioninfo id="mounsef-MacBookAir-7d57a2c9" start="1705842947384" dump="1705842947457"/><sessioninfo id="mounsef-MacBookAir-7eb6ded0" start="1705842947645" dump="1705842947721"/><sessioninfo id="mounsef-MacBookAir-430bc728" start="1705842947924" dump="1705842948011"/><sessioninfo id="mounsef-MacBookAir-14ca1125" start="1705842948226" dump="1705842948290"/><sessioninfo id="mounsef-MacBookAir-41250e49" start="1705842948468" dump="1705842948536"/><sessioninfo id="mounsef-MacBookAir-89b1cb6" start="1705842948712" dump="1705842948784"/><sessioninfo id="mounsef-MacBookAir-2049d764" start="1705842948978" dump="1705842949047"/><sessioninfo id="mounsef-MacBookAir-7de8b5bd" start="1705842949220" dump="1705842949298"/><sessioninfo id="mounsef-MacBookAir-2c8e5590" start="1705842949492" dump="1705842949572"/><sessioninfo id="mounsef-MacBookAir-54d01eca" start="1705842949757" dump="1705842949830"/><sessioninfo id="mounsef-MacBookAir-61c34595" start="1705842950016" dump="1705842950087"/><sessioninfo id="mounsef-MacBookAir-77e19c90" start="1705842950272" dump="1705842950344"/><sessioninfo id="mounsef-MacBookAir-c13642b0" start="1705842950536" dump="1705842950622"/><sessioninfo id="mounsef-MacBookAir-a8014bfa" start="1705842950822" dump="1705842950899"/><sessioninfo id="mounsef-MacBookAir-84b0992b" start="1705842951084" dump="1705842951153"/><sessioninfo id="mounsef-MacBookAir-a92636ce" start="1705842951325" dump="1705842951409"/><sessioninfo id="mounsef-MacBookAir-c8d18e3d" start="1705842951588" dump="1705842951661"/><sessioninfo id="mounsef-MacBookAir-55ea59a0" start="1705842951854" dump="1705842951934"/><sessioninfo id="mounsef-MacBookAir-e5f30c6b" start="1705842952117" dump="1705842952194"/><sessioninfo id="mounsef-MacBookAir-7c8e9559" start="1705842952363" dump="1705842952426"/><sessioninfo id="mounsef-MacBookAir-99c70384" start="1705842952603" dump="1705842952673"/><sessioninfo id="mounsef-MacBookAir-fc12de1f" start="1705842952862" dump="1705842953041"/><sessioninfo id="mounsef-MacBookAir-91656d91" start="1705842953278" dump="1705842953364"/><sessioninfo id="mounsef-MacBookAir-e49f7740" start="1705842953528" dump="1705842953599"/><sessioninfo id="mounsef-MacBookAir-b909ce71" start="1705842953773" dump="1705842953844"/><sessioninfo id="mounsef-MacBookAir-a4daa8b5" start="1705842954050" dump="1705842954113"/><sessioninfo id="mounsef-MacBookAir-c06a3022" start="1705842954308" dump="1705842954375"/><sessioninfo id="mounsef-MacBookAir-24bd3bfb" start="1705842954562" dump="1705842954642"/><sessioninfo id="mounsef-MacBookAir-baa1f1f3" start="1705842954825" dump="1705842954898"/><sessioninfo id="mounsef-MacBookAir-cb3720c0" start="1705842955075" dump="1705842955139"/><sessioninfo id="mounsef-MacBookAir-c3ed0503" start="1705842955326" dump="1705842955403"/><sessioninfo id="mounsef-MacBookAir-b9d906d5" start="1705842955596" dump="1705842955663"/><sessioninfo id="mounsef-MacBookAir-947f6608" start="1705842955844" dump="1705842955912"/><sessioninfo id="mounsef-MacBookAir-69db8070" start="1705842956115" dump="1705842956197"/><sessioninfo id="mounsef-MacBookAir-16363606" start="1705842956391" dump="1705842956458"/><sessioninfo id="mounsef-MacBookAir-6e410ec3" start="1705842956632" dump="1705842956698"/><sessioninfo id="mounsef-MacBookAir-6e90bae8" start="1705842956882" dump="1705842956963"/><sessioninfo id="mounsef-MacBookAir-9ef6ae3c" start="1705842957160" dump="1705842957229"/><sessioninfo id="mounsef-MacBookAir-6cd0e6c5" start="1705842957408" dump="1705842957491"/><sessioninfo id="mounsef-MacBookAir-70ec97f1" start="1705842957689" dump="1705842957763"/><sessioninfo id="mounsef-MacBookAir-82942bf8" start="1705842957977" dump="1705842958065"/><sessioninfo id="mounsef-MacBookAir-2bb98277" start="1705842958288" dump="1705842958365"/><sessioninfo id="mounsef-MacBookAir-40cb02b0" start="1705842958542" dump="1705842958604"/><sessioninfo id="mounsef-MacBookAir-65e0d1be" start="1705842958809" dump="1705842958875"/><sessioninfo id="mounsef-MacBookAir-45e3d95d" start="1705842959062" dump="1705842959127"/><sessioninfo id="mounsef-MacBookAir-3b696f01" start="1705842959315" dump="1705842959397"/><sessioninfo id="mounsef-MacBookAir-4ff554ab" start="1705842959584" dump="1705842959648"/><sessioninfo id="mounsef-MacBookAir-c26a8046" start="1705842959851" dump="1705842959931"/><sessioninfo id="mounsef-MacBookAir-d584c82a" start="1705842960115" dump="1705842960187"/><sessioninfo id="mounsef-MacBookAir-8a4cebff" start="1705842960376" dump="1705842960444"/><sessioninfo id="mounsef-MacBookAir-625e4074" start="1705842960632" dump="1705842960713"/><sessioninfo id="mounsef-MacBookAir-1d00acad" start="1705842960910" dump="1705842960973"/><sessioninfo id="mounsef-MacBookAir-3254a6b9" start="1705842961163" dump="1705842961260"/><sessioninfo id="mounsef-MacBookAir-4e3cbb98" start="1705842961439" dump="1705842961513"/><sessioninfo id="mounsef-MacBookAir-89fd9341" start="1705842961697" dump="1705842961768"/><sessioninfo id="mounsef-MacBookAir-80d77d50" start="1705842961951" dump="1705842962022"/><sessioninfo id="mounsef-MacBookAir-222fe04f" start="1705842962212" dump="1705842962293"/><sessioninfo id="mounsef-MacBookAir-28b2a527" start="1705842962477" dump="1705842962564"/><sessioninfo id="mounsef-MacBookAir-7d0f9dc6" start="1705842962746" dump="1705842962820"/><sessioninfo id="mounsef-MacBookAir-bcc98f21" start="1705842963037" dump="1705842963163"/><sessioninfo id="mounsef-MacBookAir-8a10dfd4" start="1705842963347" dump="1705842963417"/><sessioninfo id="mounsef-MacBookAir-6d88b22f" start="1705842963586" dump="1705842963650"/><sessioninfo id="mounsef-MacBookAir-3868b724" start="1705842963846" dump="1705842963914"/><sessioninfo id="mounsef-MacBookAir-7442ee37" start="1705842964094" dump="1705842964175"/><sessioninfo id="mounsef-MacBookAir-27f422c7" start="1705842964362" dump="1705842964433"/><sessioninfo id="mounsef-MacBookAir-e833b9cd" start="1705842964624" dump="1705842964696"/><sessioninfo id="mounsef-MacBookAir-7af7bf67" start="1705842964889" dump="1705842964955"/><sessioninfo id="mounsef-MacBookAir-8b982862" start="1705842965140" dump="1705842965214"/><sessioninfo id="mounsef-MacBookAir-caff263f" start="1705842965415" dump="1705842965506"/><sessioninfo id="mounsef-MacBookAir-234cd148" start="1705842965718" dump="1705842965805"/><sessioninfo id="mounsef-MacBookAir-ac5991bb" start="1705842965996" dump="1705842966066"/><sessioninfo id="mounsef-MacBookAir-b60eefdd" start="1705842966248" dump="1705842966316"/><sessioninfo id="mounsef-MacBookAir-583ccab7" start="1705842966528" dump="1705842966615"/><sessioninfo id="mounsef-MacBookAir-7e42afe" start="1705842966797" dump="1705842966870"/><sessioninfo id="mounsef-MacBookAir-ad23f147" start="1705842967063" dump="1705842967145"/><sessioninfo id="mounsef-MacBookAir-9cae65be" start="1705842967335" dump="1705842967417"/><sessioninfo id="mounsef-MacBookAir-cda1bef6" start="1705842967612" dump="1705842967684"/><sessioninfo id="mounsef-MacBookAir-a047ef7d" start="1705842967869" dump="1705842967957"/><sessioninfo id="mounsef-MacBookAir-75c483a7" start="1705842968201" dump="1705842968275"/><sessioninfo id="mounsef-MacBookAir-f7309f5" start="1705842968461" dump="1705842968541"/><sessioninfo id="mounsef-MacBookAir-601e8be3" start="1705842968732" dump="1705842968803"/><sessioninfo id="mounsef-MacBookAir-b52a9718" start="1705842968993" dump="1705842969059"/><sessioninfo id="mounsef-MacBookAir-cc9a6b9" start="1705842969227" dump="1705842969291"/><sessioninfo id="mounsef-MacBookAir-da41efe8" start="1705842969473" dump="1705842969538"/><sessioninfo id="mounsef-MacBookAir-63bf9b5f" start="1705842969718" dump="1705842969794"/><sessioninfo id="mounsef-MacBookAir-5b1e757e" start="1705842969977" dump="1705842970048"/><sessioninfo id="mounsef-MacBookAir-9e160dd0" start="1705842970239" dump="1705842970310"/><sessioninfo id="mounsef-MacBookAir-bc0d0944" start="1705842970495" dump="1705842970559"/><sessioninfo id="mounsef-MacBookAir-a85f3359" start="1705842970745" dump="1705842970811"/><sessioninfo id="mounsef-MacBookAir-92e4f13" start="1705842970996" dump="1705842971060"/><sessioninfo id="mounsef-MacBookAir-2d848aaa" start="1705842971240" dump="1705842971329"/><sessioninfo id="mounsef-MacBookAir-6c2e1bce" start="1705842971517" dump="1705842971589"/><sessioninfo id="mounsef-MacBookAir-dfe3e856" start="1705842971791" dump="1705842971860"/><sessioninfo id="mounsef-MacBookAir-a2a0a759" start="1705842972032" dump="1705842972096"/><sessioninfo id="mounsef-MacBookAir-88899b3f" start="1705842972283" dump="1705842972366"/><sessioninfo id="mounsef-MacBookAir-1704bbf1" start="1705842972567" dump="1705842972637"/><sessioninfo id="mounsef-MacBookAir-79736293" start="1705842972822" dump="1705842972908"/><sessioninfo id="mounsef-MacBookAir-f96c7eb7" start="1705842973153" dump="1705842973228"/><sessioninfo id="mounsef-MacBookAir-b2031a28" start="1705842973415" dump="1705842973490"/><sessioninfo id="mounsef-MacBookAir-c53f4a9f" start="1705842973676" dump="1705842973744"/><sessioninfo id="mounsef-MacBookAir-f3fb4d6" start="1705842973929" dump="1705842974046"/><sessioninfo id="mounsef-MacBookAir-fb0ce65b" start="1705842974228" dump="1705842974293"/><sessioninfo id="mounsef-MacBookAir-44d0b995" start="1705842974475" dump="1705842974562"/><sessioninfo id="mounsef-MacBookAir-99372080" start="1705842974749" dump="1705842974816"/><sessioninfo id="mounsef-MacBookAir-ac2016a7" start="1705842975007" dump="1705842975100"/><sessioninfo id="mounsef-MacBookAir-7ce837af" start="1705842975291" dump="1705842975357"/><sessioninfo id="mounsef-MacBookAir-43e7ff0b" start="1705842975517" dump="1705842975658"/><sessioninfo id="mounsef-MacBookAir-5c8efb8f" start="1705842975745" dump="1705842975880"/><sessioninfo id="mounsef-MacBookAir-623f156e" start="1705842976029" dump="1705842976245"/><sessioninfo id="mounsef-MacBookAir-8f8a6a4" start="1705842976333" dump="1705842976584"/><sessioninfo id="mounsef-MacBookAir-e4149009" start="1705842976692" dump="1705842976960"/><sessioninfo id="mounsef-MacBookAir-27b1dbe5" start="1705842977062" dump="1705842977318"/><sessioninfo id="mounsef-MacBookAir-c6ccfe40" start="1705842977414" dump="1705842977664"/><sessioninfo id="mounsef-MacBookAir-27420865" start="1705842977748" dump="1705842978020"/><sessioninfo id="mounsef-MacBookAir-29d2335" start="1705842978147" dump="1705842978385"/><sessioninfo id="mounsef-MacBookAir-9cc4ff12" start="1705842978474" dump="1705842978719"/><sessioninfo id="mounsef-MacBookAir-3080ab5a" start="1705842978818" dump="1705842979042"/><sessioninfo id="mounsef-MacBookAir-c7b4bf31" start="1705842979136" dump="1705842979356"/><sessioninfo id="mounsef-MacBookAir-44f873fb" start="1705842979452" dump="1705842979660"/><sessioninfo id="mounsef-MacBookAir-b11d00fd" start="1705842979746" dump="1705842979981"/><sessioninfo id="mounsef-MacBookAir-43b570a7" start="1705842980070" dump="1705842980299"/><sessioninfo id="mounsef-MacBookAir-9eccd332" start="1705842980387" dump="1705842980575"/><sessioninfo id="mounsef-MacBookAir-ff2ebeee" start="1705842980663" dump="1705842980900"/><sessioninfo id="mounsef-MacBookAir-6bebb328" start="1705842980989" dump="1705842981196"/><sessioninfo id="mounsef-MacBookAir-fa1ae5fc" start="1705842981288" dump="1705842981511"/><sessioninfo id="mounsef-MacBookAir-c6f2815d" start="1705842981598" dump="1705842981833"/><sessioninfo id="mounsef-MacBookAir-d46ce06b" start="1705842981933" dump="1705842982127"/><sessioninfo id="mounsef-MacBookAir-823999c2" start="1705842982221" dump="1705842982438"/><sessioninfo id="mounsef-MacBookAir-80ddae2d" start="1705842982529" dump="1705842982773"/><sessioninfo id="mounsef-MacBookAir-1d1c8776" start="1705842982857" dump="1705842983199"/><sessioninfo id="mounsef-MacBookAir-e6d3d017" start="1705842983288" dump="1705842983501"/><sessioninfo id="mounsef-MacBookAir-8ee10018" start="1705842983587" dump="1705842983822"/><sessioninfo id="mounsef-MacBookAir-1ce024e5" start="1705842983920" dump="1705842984127"/><sessioninfo id="mounsef-MacBookAir-e1f27a33" start="1705842984215" dump="1705842984449"/><sessioninfo id="mounsef-MacBookAir-f834f033" start="1705842984544" dump="1705842984785"/><sessioninfo id="mounsef-MacBookAir-3091d1d1" start="1705842984875" dump="1705842985110"/><sessioninfo id="mounsef-MacBookAir-56212f8d" start="1705842985204" dump="1705842985447"/><sessioninfo id="mounsef-MacBookAir-e17d67c4" start="1705842985530" dump="1705842985758"/><sessioninfo id="mounsef-MacBookAir-6d501a4" start="1705842985847" dump="1705842986063"/><sessioninfo id="mounsef-MacBookAir-dead4d2e" start="1705842986156" dump="1705842986395"/><sessioninfo id="mounsef-MacBookAir-381aa24e" start="1705842986498" dump="1705842986758"/><sessioninfo id="mounsef-MacBookAir-ab268e1a" start="1705842986845" dump="1705842987108"/><sessioninfo id="mounsef-MacBookAir-fefa0ad" start="1705842987205" dump="1705842987452"/><sessioninfo id="mounsef-MacBookAir-7a9d38c2" start="1705842987555" dump="1705842987767"/><sessioninfo id="mounsef-MacBookAir-210a6f79" start="1705842987862" dump="1705842988211"/><sessioninfo id="mounsef-MacBookAir-973728ac" start="1705842988302" dump="1705842988578"/><sessioninfo id="mounsef-MacBookAir-fef093f4" start="1705842988674" dump="1705842988923"/><sessioninfo id="mounsef-MacBookAir-e90e932d" start="1705842989005" dump="1705842989243"/><sessioninfo id="mounsef-MacBookAir-da9a3cbe" start="1705842989339" dump="1705842989553"/><sessioninfo id="mounsef-MacBookAir-5f124545" start="1705842989640" dump="1705842989836"/><sessioninfo id="mounsef-MacBookAir-73a7ce61" start="1705842989935" dump="1705842990124"/><sessioninfo id="mounsef-MacBookAir-c5614ed5" start="1705842990208" dump="1705842990406"/><sessioninfo id="mounsef-MacBookAir-126f18db" start="1705842990503" dump="1705842990710"/><sessioninfo id="mounsef-MacBookAir-fc0d470a" start="1705842990789" dump="1705842990983"/><sessioninfo id="mounsef-MacBookAir-aae34a19" start="1705842991071" dump="1705842991256"/><sessioninfo id="mounsef-MacBookAir-f6249819" start="1705842991341" dump="1705842991562"/><sessioninfo id="mounsef-MacBookAir-6bb4be59" start="1705842991660" dump="1705842991877"/><sessioninfo id="mounsef-MacBookAir-3b57eb00" start="1705842991970" dump="1705842992194"/><sessioninfo id="mounsef-MacBookAir-b950eae6" start="1705842992289" dump="1705842992497"/><sessioninfo id="mounsef-MacBookAir-e336cb02" start="1705842992583" dump="1705842992817"/><sessioninfo id="mounsef-MacBookAir-70b7992d" start="1705842992927" dump="1705842993270"/><sessioninfo id="mounsef-MacBookAir-712e365e" start="1705842993356" dump="1705842993590"/><sessioninfo id="mounsef-MacBookAir-3b1ea385" start="1705842993684" dump="1705842993896"/><sessioninfo id="mounsef-MacBookAir-6df4cf3f" start="1705842993987" dump="1705842994324"/><sessioninfo id="mounsef-MacBookAir-8154d689" start="1705842994419" dump="1705842994672"/><sessioninfo id="mounsef-MacBookAir-e9746a42" start="1705842994762" dump="1705842994988"/><sessioninfo id="mounsef-MacBookAir-2cdf3ff7" start="1705842995081" dump="1705842995334"/><sessioninfo id="mounsef-MacBookAir-44f97041" start="1705842995423" dump="1705842995668"/><sessioninfo id="mounsef-MacBookAir-39d07879" start="1705842995753" dump="1705842996002"/><sessioninfo id="mounsef-MacBookAir-e0f39d4f" start="1705842996092" dump="1705842996342"/><sessioninfo id="mounsef-MacBookAir-74d09704" start="1705842996448" dump="1705842996695"/><sessioninfo id="mounsef-MacBookAir-23abc689" start="1705842996787" dump="1705842997052"/><sessioninfo id="mounsef-MacBookAir-30d77a8f" start="1705842997150" dump="1705842997410"/><sessioninfo id="mounsef-MacBookAir-caf77dff" start="1705842997499" dump="1705842997739"/><sessioninfo id="mounsef-MacBookAir-38adc85f" start="1705842997835" dump="1705842998172"/><sessioninfo id="mounsef-MacBookAir-68b3978c" start="1705842998269" dump="1705842998487"/><sessioninfo id="mounsef-MacBookAir-bc9404f5" start="1705842998584" dump="1705842998827"/><sessioninfo id="mounsef-MacBookAir-650e35ea" start="1705842998919" dump="1705842999214"/><sessioninfo id="mounsef-MacBookAir-148da562" start="1705842999301" dump="1705842999516"/><sessioninfo id="mounsef-MacBookAir-485877b1" start="1705842999599" dump="1705842999791"/><sessioninfo id="mounsef-MacBookAir-b1b5b416" start="1705842999889" dump="1705843000144"/><sessioninfo id="mounsef-MacBookAir-d3ba5bb0" start="1705843000234" dump="1705843000504"/><sessioninfo id="mounsef-MacBookAir-4bf04327" start="1705843000599" dump="1705843000871"/><sessioninfo id="mounsef-MacBookAir-7b5d67ed" start="1705843000958" dump="1705843001238"/><sessioninfo id="mounsef-MacBookAir-384f3ddb" start="1705843001327" dump="1705843001544"/><sessioninfo id="mounsef-MacBookAir-58121bc4" start="1705843001623" dump="1705843001850"/><sessioninfo id="mounsef-MacBookAir-3704aeb8" start="1705843001947" dump="1705843002210"/><sessioninfo id="mounsef-MacBookAir-c77b0d56" start="1705843002300" dump="1705843002526"/><sessioninfo id="mounsef-MacBookAir-2db938d7" start="1705843002620" dump="1705843002856"/><sessioninfo id="mounsef-MacBookAir-9ecf9109" start="1705843002967" dump="1705843003344"/><sessioninfo id="mounsef-MacBookAir-6f85aaa1" start="1705843003442" dump="1705843003662"/><sessioninfo id="mounsef-MacBookAir-115e7789" start="1705843003751" dump="1705843003993"/><sessioninfo id="mounsef-MacBookAir-11d8613a" start="1705843004083" dump="1705843004321"/><sessioninfo id="mounsef-MacBookAir-b2761c12" start="1705843004409" dump="1705843004635"/><sessioninfo id="mounsef-MacBookAir-65e3ba07" start="1705843004723" dump="1705843004958"/><sessioninfo id="mounsef-MacBookAir-fa789c13" start="1705843005043" dump="1705843005250"/><sessioninfo id="mounsef-MacBookAir-727881a7" start="1705843005346" dump="1705843005567"/><sessioninfo id="mounsef-MacBookAir-98d374d2" start="1705843005664" dump="1705843005897"/><sessioninfo id="mounsef-MacBookAir-9d8918e5" start="1705843006063" dump="1705843006316"/><sessioninfo id="mounsef-MacBookAir-3db8097c" start="1705843006403" dump="1705843006602"/><sessioninfo id="mounsef-MacBookAir-594d2d" start="1705843006700" dump="1705843006924"/><sessioninfo id="mounsef-MacBookAir-24994239" start="1705843007016" dump="1705843007256"/><sessioninfo id="mounsef-MacBookAir-d0a45fc9" start="1705843007345" dump="1705843007548"/><sessioninfo id="mounsef-MacBookAir-61e6a53e" start="1705843007634" dump="1705843007843"/><sessioninfo id="mounsef-MacBookAir-65b9e562" start="1705843007955" dump="1705843008260"/><sessioninfo id="mounsef-MacBookAir-f4c5e7a2" start="1705843008348" dump="1705843008614"/><sessioninfo id="mounsef-MacBookAir-5a9017aa" start="1705843008712" dump="1705843008931"/><sessioninfo id="mounsef-MacBookAir-b35d1f06" start="1705843009019" dump="1705843009241"/><sessioninfo id="mounsef-MacBookAir-601ca4c1" start="1705843009332" dump="1705843009552"/><sessioninfo id="mounsef-MacBookAir-1d5a680e" start="1705843009640" dump="1705843009861"/><sessioninfo id="mounsef-MacBookAir-c0b58d96" start="1705843009959" dump="1705843010189"/><sessioninfo id="mounsef-MacBookAir-6272d7bf" start="1705843010282" dump="1705843010504"/><sessioninfo id="mounsef-MacBookAir-100c1a91" start="1705843010594" dump="1705843010790"/><sessioninfo id="mounsef-MacBookAir-3c431671" start="1705843010877" dump="1705843011104"/><sessioninfo id="mounsef-MacBookAir-cdffd4d0" start="1705843011197" dump="1705843011428"/><sessioninfo id="mounsef-MacBookAir-ed69a2af" start="1705843011521" dump="1705843011734"/><sessioninfo id="mounsef-MacBookAir-55a41155" start="1705843011831" dump="1705843012059"/><sessioninfo id="mounsef-MacBookAir-810b0ac2" start="1705843012142" dump="1705843012390"/><sessioninfo id="mounsef-MacBookAir-49ac0415" start="1705843012482" dump="1705843012719"/><sessioninfo id="mounsef-MacBookAir-2a44f9f6" start="1705843012809" dump="1705843013106"/><sessioninfo id="mounsef-MacBookAir-ab03c2ba" start="1705843013231" dump="1705843013458"/><sessioninfo id="mounsef-MacBookAir-e6d0c4f9" start="1705843013541" dump="1705843013811"/><sessioninfo id="mounsef-MacBookAir-c5dd2eee" start="1705843013901" dump="1705843014148"/><sessioninfo id="mounsef-MacBookAir-349e3d1e" start="1705843014236" dump="1705843014449"/><sessioninfo id="mounsef-MacBookAir-a0f935b2" start="1705843014549" dump="1705843014791"/><sessioninfo id="mounsef-MacBookAir-8644f749" start="1705843014881" dump="1705843015097"/><sessioninfo id="mounsef-MacBookAir-3a17472d" start="1705843015186" dump="1705843015392"/><sessioninfo id="mounsef-MacBookAir-e05d0152" start="1705843015480" dump="1705843015729"/><sessioninfo id="mounsef-MacBookAir-1f61a789" start="1705843015826" dump="1705843016092"/><sessioninfo id="mounsef-MacBookAir-a280b954" start="1705843016179" dump="1705843016405"/><sessioninfo id="mounsef-MacBookAir-b58641a3" start="1705843016503" dump="1705843016715"/><sessioninfo id="mounsef-MacBookAir-a44d9a4b" start="1705843016794" dump="1705843017025"/><sessioninfo id="mounsef-MacBookAir-360f557" start="1705843017127" dump="1705843017379"/><sessioninfo id="mounsef-MacBookAir-8e094b4" start="1705843017459" dump="1705843017703"/><sessioninfo id="mounsef-MacBookAir-84ad0e2b" start="1705843017793" dump="1705843018085"/><sessioninfo id="mounsef-MacBookAir-1ac20481" start="1705843018222" dump="1705843018461"/><sessioninfo id="mounsef-MacBookAir-727a1f8d" start="1705843018547" dump="1705843018762"/><sessioninfo id="mounsef-MacBookAir-4b9479ab" start="1705843018850" dump="1705843019087"/><sessioninfo id="mounsef-MacBookAir-31ba3803" start="1705843019178" dump="1705843019415"/><sessioninfo id="mounsef-MacBookAir-1f7d4fc5" start="1705843019504" dump="1705843019755"/><sessioninfo id="mounsef-MacBookAir-a1761488" start="1705843019851" dump="1705843020103"/><sessioninfo id="mounsef-MacBookAir-6747544c" start="1705843020185" dump="1705843020412"/><sessioninfo id="mounsef-MacBookAir-12781626" start="1705843020512" dump="1705843020748"/><sessioninfo id="mounsef-MacBookAir-79e6fccc" start="1705843020838" dump="1705843021068"/><sessioninfo id="mounsef-MacBookAir-b9ef85d1" start="1705843021166" dump="1705843021375"/><sessioninfo id="mounsef-MacBookAir-46115e7c" start="1705843021457" dump="1705843021698"/><sessioninfo id="mounsef-MacBookAir-58b1545d" start="1705843021791" dump="1705843022032"/><sessioninfo id="mounsef-MacBookAir-7a40e7a" start="1705843022121" dump="1705843022376"/><sessioninfo id="mounsef-MacBookAir-94588901" start="1705843022473" dump="1705843022681"/><sessioninfo id="mounsef-MacBookAir-b3f486ea" start="1705843022774" dump="1705843023058"/><sessioninfo id="mounsef-MacBookAir-f87e931a" start="1705843023194" dump="1705843023431"/><sessioninfo id="mounsef-MacBookAir-864f674b" start="1705843023521" dump="1705843023727"/><sessioninfo id="mounsef-MacBookAir-ed8c5687" start="1705843023830" dump="1705843024056"/><sessioninfo id="mounsef-MacBookAir-311380ae" start="1705843024147" dump="1705843024398"/><sessioninfo id="mounsef-MacBookAir-88dd7742" start="1705843024493" dump="1705843024694"/><sessioninfo id="mounsef-MacBookAir-265a0244" start="1705843024784" dump="1705843025038"/><sessioninfo id="mounsef-MacBookAir-97ca2411" start="1705843025135" dump="1705843025370"/><sessioninfo id="mounsef-MacBookAir-ad5e6f1e" start="1705843025458" dump="1705843025681"/><sessioninfo id="mounsef-MacBookAir-60c650" start="1705843025776" dump="1705843026026"/><sessioninfo id="mounsef-MacBookAir-fd1f05bf" start="1705843026125" dump="1705843026357"/><sessioninfo id="mounsef-MacBookAir-fdb68397" start="1705843026445" dump="1705843026699"/><sessioninfo id="mounsef-MacBookAir-8b410f40" start="1705843026791" dump="1705843027032"/><sessioninfo id="mounsef-MacBookAir-fc85329b" start="1705843027124" dump="1705843027370"/><sessioninfo id="mounsef-MacBookAir-cc9350d9" start="1705843027453" dump="1705843027681"/><sessioninfo id="mounsef-MacBookAir-4b338c5b" start="1705843027781" dump="1705843028160"/><sessioninfo id="mounsef-MacBookAir-285039ea" start="1705843028275" dump="1705843028505"/><sessioninfo id="mounsef-MacBookAir-a69b5940" start="1705843028604" dump="1705843028860"/><sessioninfo id="mounsef-MacBookAir-88dd5e2d" start="1705843028942" dump="1705843029172"/><sessioninfo id="mounsef-MacBookAir-f570873e" start="1705843029265" dump="1705843029537"/><sessioninfo id="mounsef-MacBookAir-7116f014" start="1705843029628" dump="1705843029836"/><sessioninfo id="mounsef-MacBookAir-5954a3c" start="1705843029936" dump="1705843030157"/><sessioninfo id="mounsef-MacBookAir-62320ab5" start="1705843030244" dump="1705843030495"/><sessioninfo id="mounsef-MacBookAir-be4fcd84" start="1705843030589" dump="1705843030840"/><sessioninfo id="mounsef-MacBookAir-7ee22fec" start="1705843030926" dump="1705843031181"/><sessioninfo id="mounsef-MacBookAir-a2089674" start="1705843031268" dump="1705843031476"/><sessioninfo id="mounsef-MacBookAir-7642250f" start="1705843031561" dump="1705843031761"/><sessioninfo id="mounsef-MacBookAir-fbeb8175" start="1705843031864" dump="1705843032099"/><sessioninfo id="mounsef-MacBookAir-2ef650f8" start="1705843032187" dump="1705843032406"/><sessioninfo id="mounsef-MacBookAir-287523c1" start="1705843032502" dump="1705843032745"/><sessioninfo id="mounsef-MacBookAir-d3af2c21" start="1705843032833" dump="1705843033148"/><sessioninfo id="mounsef-MacBookAir-719f47e1" start="1705843033264" dump="1705843033474"/><sessioninfo id="mounsef-MacBookAir-986eb668" start="1705843033559" dump="1705843033785"/><sessioninfo id="mounsef-MacBookAir-10b49ae2" start="1705843033879" dump="1705843034112"/><sessioninfo id="mounsef-MacBookAir-a6e46779" start="1705843034200" dump="1705843034417"/><sessioninfo id="mounsef-MacBookAir-a7947ea4" start="1705843034509" dump="1705843034714"/><sessioninfo id="mounsef-MacBookAir-be195c29" start="1705843034814" dump="1705843035051"/><sessioninfo id="mounsef-MacBookAir-3b6af3c5" start="1705843035143" dump="1705843035368"/><sessioninfo id="mounsef-MacBookAir-d198e71b" start="1705843035458" dump="1705843035677"/><sessioninfo id="mounsef-MacBookAir-9cd00861" start="1705843035771" dump="1705843036010"/><sessioninfo id="mounsef-MacBookAir-dd63a1b" start="1705843036096" dump="1705843036302"/><sessioninfo id="mounsef-MacBookAir-310683b5" start="1705843036415" dump="1705843036643"/><sessioninfo id="mounsef-MacBookAir-24e37c28" start="1705843036729" dump="1705843036952"/><sessioninfo id="mounsef-MacBookAir-f43545ee" start="1705843037051" dump="1705843037250"/><sessioninfo id="mounsef-MacBookAir-ce77e9cf" start="1705843037337" dump="1705843037558"/><sessioninfo id="mounsef-MacBookAir-47e054cc" start="1705843037654" dump="1705843037876"/><sessioninfo id="mounsef-MacBookAir-6deca68f" start="1705843037978" dump="1705843038271"/><sessioninfo id="mounsef-MacBookAir-64d2db73" start="1705843038361" dump="1705843038594"/><sessioninfo id="mounsef-MacBookAir-51365bf6" start="1705843038684" dump="1705843038930"/><sessioninfo id="mounsef-MacBookAir-58012d65" start="1705843039018" dump="1705843039234"/><sessioninfo id="mounsef-MacBookAir-c2a93b9" start="1705843039323" dump="1705843039548"/><sessioninfo id="mounsef-MacBookAir-b8c2cc02" start="1705843039646" dump="1705843039849"/><sessioninfo id="mounsef-MacBookAir-3f1be3a" start="1705843039941" dump="1705843040181"/><sessioninfo id="mounsef-MacBookAir-de63ab3a" start="1705843040274" dump="1705843040502"/><sessioninfo id="mounsef-MacBookAir-d2552746" start="1705843040593" dump="1705843040848"/><sessioninfo id="mounsef-MacBookAir-c64d07ff" start="1705843040947" dump="1705843041168"/><sessioninfo id="mounsef-MacBookAir-8dfcc095" start="1705843041255" dump="1705843041484"/><sessioninfo id="mounsef-MacBookAir-8f0b21ac" start="1705843041574" dump="1705843041805"/><sessioninfo id="mounsef-MacBookAir-f52c5fcd" start="1705843041909" dump="1705843042151"/><sessioninfo id="mounsef-MacBookAir-ea4f82c6" start="1705843042249" dump="1705843042462"/><sessioninfo id="mounsef-MacBookAir-6da18e61" start="1705843042548" dump="1705843042761"/><sessioninfo id="mounsef-MacBookAir-7908cbe4" start="1705843042852" dump="1705843043176"/><sessioninfo id="mounsef-MacBookAir-98001d2d" start="1705843043278" dump="1705843043494"/><sessioninfo id="mounsef-MacBookAir-58c18f47" start="1705843043587" dump="1705843043825"/><sessioninfo id="mounsef-MacBookAir-b7eba180" start="1705843043916" dump="1705843044163"/><sessioninfo id="mounsef-MacBookAir-e2570547" start="1705843044263" dump="1705843044483"/><sessioninfo id="mounsef-MacBookAir-13c00b49" start="1705843044571" dump="1705843044815"/><sessioninfo id="mounsef-MacBookAir-3ea03830" start="1705843044908" dump="1705843045129"/><sessioninfo id="mounsef-MacBookAir-3f5e96d8" start="1705843045223" dump="1705843045491"/><sessioninfo id="mounsef-MacBookAir-5c7ad305" start="1705843045587" dump="1705843045812"/><sessioninfo id="mounsef-MacBookAir-f49ef828" start="1705843045899" dump="1705843046149"/><sessioninfo id="mounsef-MacBookAir-fee09b4b" start="1705843046250" dump="1705843046469"/><sessioninfo id="mounsef-MacBookAir-c8d05f9e" start="1705843046561" dump="1705843046808"/><sessioninfo id="mounsef-MacBookAir-3d1d2300" start="1705843046901" dump="1705843047126"/><sessioninfo id="mounsef-MacBookAir-17be6244" start="1705843047213" dump="1705843047417"/><sessioninfo id="mounsef-MacBookAir-7fa0479b" start="1705843047504" dump="1705843047761"/><sessioninfo id="mounsef-MacBookAir-dc9ee2ac" start="1705843047854" dump="1705843048182"/><sessioninfo id="mounsef-MacBookAir-64ffd0e3" start="1705843048284" dump="1705843048509"/><sessioninfo id="mounsef-MacBookAir-e325109b" start="1705843048594" dump="1705843048872"/><sessioninfo id="mounsef-MacBookAir-5bfb23a2" start="1705843048995" dump="1705843049249"/><sessioninfo id="mounsef-MacBookAir-ead9817b" start="1705843049338" dump="1705843049574"/><sessioninfo id="mounsef-MacBookAir-4b3aa519" start="1705843049667" dump="1705843049914"/><sessioninfo id="mounsef-MacBookAir-86f42389" start="1705843050002" dump="1705843050251"/><sessioninfo id="mounsef-MacBookAir-90166da8" start="1705843050346" dump="1705843050599"/><sessioninfo id="mounsef-MacBookAir-c9bda7c7" start="1705843050687" dump="1705843050921"/><sessioninfo id="mounsef-MacBookAir-430f24ae" start="1705843051017" dump="1705843051254"/><sessioninfo id="mounsef-MacBookAir-2dcc220" start="1705843051343" dump="1705843051588"/><sessioninfo id="mounsef-MacBookAir-35b736e0" start="1705843051683" dump="1705843051930"/><sessioninfo id="mounsef-MacBookAir-4c4abef6" start="1705843052014" dump="1705843052253"/><sessioninfo id="mounsef-MacBookAir-d5faa76" start="1705843052353" dump="1705843052577"/><sessioninfo id="mounsef-MacBookAir-ba576272" start="1705843052667" dump="1705843052904"/><sessioninfo id="mounsef-MacBookAir-7f3db61b" start="1705843053026" dump="1705843053318"/><sessioninfo id="mounsef-MacBookAir-e6059ca4" start="1705843053399" dump="1705843053646"/><sessioninfo id="mounsef-MacBookAir-67758c77" start="1705843053740" dump="1705843053949"/><sessioninfo id="mounsef-MacBookAir-739340e9" start="1705843054035" dump="1705843054265"/><sessioninfo id="mounsef-MacBookAir-6bfa76b7" start="1705843054356" dump="1705843054593"/><sessioninfo id="mounsef-MacBookAir-85c2e6ac" start="1705843054683" dump="1705843054914"/><sessioninfo id="mounsef-MacBookAir-52b6e0a1" start="1705843055010" dump="1705843055229"/><sessioninfo id="mounsef-MacBookAir-ba0d443f" start="1705843055316" dump="1705843055572"/><sessioninfo id="mounsef-MacBookAir-8ba25e0b" start="1705843055664" dump="1705843055930"/><sessioninfo id="mounsef-MacBookAir-5397adfd" start="1705843056019" dump="1705843056258"/><sessioninfo id="mounsef-MacBookAir-837f6c19" start="1705843056350" dump="1705843056617"/><sessioninfo id="mounsef-MacBookAir-aff921aa" start="1705843056704" dump="1705843056975"/><sessioninfo id="mounsef-MacBookAir-66c33e31" start="1705843057072" dump="1705843057284"/><sessioninfo id="mounsef-MacBookAir-52ee72ed" start="1705843057373" dump="1705843057628"/><sessioninfo id="mounsef-MacBookAir-627adac2" start="1705843057725" dump="1705843058000"/><sessioninfo id="mounsef-MacBookAir-2907db80" start="1705843058114" dump="1705843058407"/><sessioninfo id="mounsef-MacBookAir-c7a28d57" start="1705843058503" dump="1705843058738"/><sessioninfo id="mounsef-MacBookAir-37bf49a4" start="1705843058825" dump="1705843059066"/><sessioninfo id="mounsef-MacBookAir-a305facb" start="1705843059170" dump="1705843059386"/><sessioninfo id="mounsef-MacBookAir-fb58075d" start="1705843059489" dump="1705843059696"/><sessioninfo id="mounsef-MacBookAir-29db0029" start="1705843059792" dump="1705843060020"/><sessioninfo id="mounsef-MacBookAir-62069587" start="1705843060131" dump="1705843060366"/><sessioninfo id="mounsef-MacBookAir-be551ea9" start="1705843060461" dump="1705843060656"/><sessioninfo id="mounsef-MacBookAir-c886bf07" start="1705843060752" dump="1705843060973"/><sessioninfo id="mounsef-MacBookAir-ca84fce" start="1705843061085" dump="1705843061306"/><sessioninfo id="mounsef-MacBookAir-e103aaa3" start="1705843061414" dump="1705843061658"/><sessioninfo id="mounsef-MacBookAir-f8bd5463" start="1705843061758" dump="1705843061952"/><sessioninfo id="mounsef-MacBookAir-e7c4d19f" start="1705843062050" dump="1705843062279"/><sessioninfo id="mounsef-MacBookAir-b3b9d400" start="1705843062378" dump="1705843062601"/><sessioninfo id="mounsef-MacBookAir-cfa70588" start="1705843062699" dump="1705843062938"/><sessioninfo id="mounsef-MacBookAir-c4dc344c" start="1705843063064" dump="1705843063334"/><sessioninfo id="mounsef-MacBookAir-2076211e" start="1705843063433" dump="1705843063656"/><sessioninfo id="mounsef-MacBookAir-be94444d" start="1705843063770" dump="1705843064033"/><sessioninfo id="mounsef-MacBookAir-f5ad453e" start="1705843064133" dump="1705843064333"/><sessioninfo id="mounsef-MacBookAir-6ff9bd16" start="1705843064426" dump="1705843064659"/><sessioninfo id="mounsef-MacBookAir-40b5629c" start="1705843064756" dump="1705843064969"/><sessioninfo id="mounsef-MacBookAir-92ef6491" start="1705843065222" dump="1705843065373"/><sessioninfo id="mounsef-MacBookAir-c92e7721" start="1705843065541" dump="1705843065697"/><sessioninfo id="mounsef-MacBookAir-77ee3308" start="1705843065875" dump="1705843066023"/><sessioninfo id="mounsef-MacBookAir-661cc8b2" start="1705843066207" dump="1705843066358"/><sessioninfo id="mounsef-MacBookAir-75a1d776" start="1705843066537" dump="1705843066703"/><sessioninfo id="mounsef-MacBookAir-b050de36" start="1705843066869" dump="1705843067031"/><sessioninfo id="mounsef-MacBookAir-7ad0a423" start="1705843067217" dump="1705843067389"/><sessioninfo id="mounsef-MacBookAir-cf123da3" start="1705843067564" dump="1705843067733"/><sessioninfo id="mounsef-MacBookAir-686d57e2" start="1705843067941" dump="1705843068185"/><sessioninfo id="mounsef-MacBookAir-7b37279b" start="1705843068368" dump="1705843068504"/><sessioninfo id="mounsef-MacBookAir-2fc33982" start="1705843068679" dump="1705843068801"/><sessioninfo id="mounsef-MacBookAir-8983fdff" start="1705843068974" dump="1705843069118"/><sessioninfo id="mounsef-MacBookAir-f5af2235" start="1705843069285" dump="1705843069433"/><sessioninfo id="mounsef-MacBookAir-dfc0f7cf" start="1705843069610" dump="1705843069756"/><sessioninfo id="mounsef-MacBookAir-88f93540" start="1705843069934" dump="1705843070076"/><sessioninfo id="mounsef-MacBookAir-f15806f" start="1705843070259" dump="1705843070404"/><sessioninfo id="mounsef-MacBookAir-a9ba1ce7" start="1705843070589" dump="1705843070738"/><sessioninfo id="mounsef-MacBookAir-2191cc5f" start="1705843070907" dump="1705843071046"/><sessioninfo id="mounsef-MacBookAir-7b2df4ae" start="1705843071227" dump="1705843071368"/><sessioninfo id="mounsef-MacBookAir-bd869001" start="1705843071554" dump="1705843071677"/><sessioninfo id="mounsef-MacBookAir-808bcc1e" start="1705843071858" dump="1705843071993"/><sessioninfo id="mounsef-MacBookAir-7f4a48ae" start="1705843072170" dump="1705843072312"/><sessioninfo id="mounsef-MacBookAir-4848e1f7" start="1705843072488" dump="1705843072626"/><sessioninfo id="mounsef-MacBookAir-6a1a1d79" start="1705843072838" dump="1705843073087"/><sessioninfo id="mounsef-MacBookAir-690a0594" start="1705843073318" dump="1705843073478"/><sessioninfo id="mounsef-MacBookAir-6516cb65" start="1705843073642" dump="1705843073788"/><sessioninfo id="mounsef-MacBookAir-55c6fce1" start="1705843073957" dump="1705843074146"/><sessioninfo id="mounsef-MacBookAir-5636a3ff" start="1705843074310" dump="1705843074457"/><sessioninfo id="mounsef-MacBookAir-4683fcc0" start="1705843074630" dump="1705843074779"/><sessioninfo id="mounsef-MacBookAir-9ca9e3d0" start="1705843074955" dump="1705843075143"/><sessioninfo id="mounsef-MacBookAir-7c573877" start="1705843075337" dump="1705843075546"/><sessioninfo id="mounsef-MacBookAir-54887757" start="1705843075749" dump="1705843075927"/><sessioninfo id="mounsef-MacBookAir-14953d24" start="1705843076103" dump="1705843076265"/><sessioninfo id="mounsef-MacBookAir-fe2bca72" start="1705843076427" dump="1705843076617"/><sessioninfo id="mounsef-MacBookAir-fca3109" start="1705843076814" dump="1705843076939"/><sessioninfo id="mounsef-MacBookAir-b8b2dfcd" start="1705843077114" dump="1705843077257"/><sessioninfo id="mounsef-MacBookAir-f9b72622" start="1705843077429" dump="1705843077584"/><sessioninfo id="mounsef-MacBookAir-408486af" start="1705843077753" dump="1705843077920"/><sessioninfo id="mounsef-MacBookAir-f674c4c9" start="1705843078201" dump="1705843078368"/><sessioninfo id="mounsef-MacBookAir-4551ffa9" start="1705843078546" dump="1705843078730"/><sessioninfo id="mounsef-MacBookAir-5e5358ee" start="1705843078942" dump="1705843079137"/><sessioninfo id="mounsef-MacBookAir-ba5c31d3" start="1705843079310" dump="1705843079479"/><sessioninfo id="mounsef-MacBookAir-a0ffe609" start="1705843079647" dump="1705843079795"/><sessioninfo id="mounsef-MacBookAir-f0241972" start="1705843079972" dump="1705843080139"/><sessioninfo id="mounsef-MacBookAir-dbabebd4" start="1705843080322" dump="1705843080480"/><sessioninfo id="mounsef-MacBookAir-47aa75e2" start="1705843080658" dump="1705843080828"/><sessioninfo id="mounsef-MacBookAir-ccf39262" start="1705843081011" dump="1705843081170"/><sessioninfo id="mounsef-MacBookAir-8df426ec" start="1705843081339" dump="1705843081490"/><sessioninfo id="mounsef-MacBookAir-6f4d8a66" start="1705843081670" dump="1705843081836"/><sessioninfo id="mounsef-MacBookAir-f6ec4b3f" start="1705843082022" dump="1705843082205"/><sessioninfo id="mounsef-MacBookAir-7f4e12b0" start="1705843082388" dump="1705843082554"/><sessioninfo id="mounsef-MacBookAir-5865e52e" start="1705843082737" dump="1705843082912"/><sessioninfo id="mounsef-MacBookAir-31a5ef3c" start="1705843083153" dump="1705843083343"/><sessioninfo id="mounsef-MacBookAir-47f24563" start="1705843083522" dump="1705843083685"/><sessioninfo id="mounsef-MacBookAir-29e40a94" start="1705843083870" dump="1705843084025"/><sessioninfo id="mounsef-MacBookAir-91238426" start="1705843084195" dump="1705843084327"/><sessioninfo id="mounsef-MacBookAir-8fa0e7a9" start="1705843084521" dump="1705843084675"/><sessioninfo id="mounsef-MacBookAir-3f0ab02a" start="1705843084848" dump="1705843084995"/><sessioninfo id="mounsef-MacBookAir-2e279763" start="1705843085170" dump="1705843085342"/><sessioninfo id="mounsef-MacBookAir-9cd6c853" start="1705843085522" dump="1705843085686"/><sessioninfo id="mounsef-MacBookAir-9b56bf29" start="1705843085870" dump="1705843086034"/><sessioninfo id="mounsef-MacBookAir-12716823" start="1705843086208" dump="1705843086356"/><sessioninfo id="mounsef-MacBookAir-25904a80" start="1705843086539" dump="1705843086701"/><sessioninfo id="mounsef-MacBookAir-c4b9e644" start="1705843086889" dump="1705843087049"/><sessioninfo id="mounsef-MacBookAir-3a8a79b2" start="1705843087241" dump="1705843087405"/><sessioninfo id="mounsef-MacBookAir-6522501" start="1705843087576" dump="1705843087752"/><sessioninfo id="mounsef-MacBookAir-3383b53a" start="1705843087936" dump="1705843088200"/><sessioninfo id="mounsef-MacBookAir-ebdd1c63" start="1705843088366" dump="1705843088511"/><sessioninfo id="mounsef-MacBookAir-4d0bf290" start="1705843088679" dump="1705843088847"/><sessioninfo id="mounsef-MacBookAir-e956a810" start="1705843089027" dump="1705843089198"/><sessioninfo id="mounsef-MacBookAir-9fc8a522" start="1705843089383" dump="1705843089536"/><sessioninfo id="mounsef-MacBookAir-927737f8" start="1705843089690" dump="1705843089849"/><sessioninfo id="mounsef-MacBookAir-828bd9d3" start="1705843090041" dump="1705843090216"/><sessioninfo id="mounsef-MacBookAir-73ed1317" start="1705843090395" dump="1705843090569"/><sessioninfo id="mounsef-MacBookAir-17aecbe7" start="1705843090746" dump="1705843090887"/><sessioninfo id="mounsef-MacBookAir-1faab2c7" start="1705843091056" dump="1705843091212"/><sessioninfo id="mounsef-MacBookAir-15cefe31" start="1705843091390" dump="1705843091559"/><sessioninfo id="mounsef-MacBookAir-56bbda52" start="1705843091723" dump="1705843091859"/><sessioninfo id="mounsef-MacBookAir-571b5e3f" start="1705843092051" dump="1705843092222"/><sessioninfo id="mounsef-MacBookAir-1d89c702" start="1705843092406" dump="1705843092588"/><sessioninfo id="mounsef-MacBookAir-d8d2afcc" start="1705843092751" dump="1705843092889"/><sessioninfo id="mounsef-MacBookAir-2a006c35" start="1705843093124" dump="1705843093321"/><sessioninfo id="mounsef-MacBookAir-edf57968" start="1705843093521" dump="1705843093688"/><sessioninfo id="mounsef-MacBookAir-84ba984e" start="1705843093859" dump="1705843094003"/><sessioninfo id="mounsef-MacBookAir-44a6085b" start="1705843094258" dump="1705843094415"/><sessioninfo id="mounsef-MacBookAir-d6bc8674" start="1705843094601" dump="1705843094744"/><sessioninfo id="mounsef-MacBookAir-953836ea" start="1705843094911" dump="1705843095071"/><sessioninfo id="mounsef-MacBookAir-7f423719" start="1705843095252" dump="1705843095417"/><sessioninfo id="mounsef-MacBookAir-59a4fe54" start="1705843095594" dump="1705843095785"/><sessioninfo id="mounsef-MacBookAir-bf47c43b" start="1705843095946" dump="1705843096092"/><sessioninfo id="mounsef-MacBookAir-ac57c89f" start="1705843096272" dump="1705843096439"/><sessioninfo id="mounsef-MacBookAir-acd34e46" start="1705843096611" dump="1705843096787"/><sessioninfo id="mounsef-MacBookAir-3766a96d" start="1705843096971" dump="1705843097140"/><sessioninfo id="mounsef-MacBookAir-4d2956f2" start="1705843097308" dump="1705843097453"/><sessioninfo id="mounsef-MacBookAir-38da1ab9" start="1705843097616" dump="1705843097793"/><sessioninfo id="mounsef-MacBookAir-367fb413" start="1705843097991" dump="1705843098214"/><sessioninfo id="mounsef-MacBookAir-3271c872" start="1705843098384" dump="1705843098525"/><sessioninfo id="mounsef-MacBookAir-4ef8b132" start="1705843098685" dump="1705843098819"/><sessioninfo id="mounsef-MacBookAir-fa36ed29" start="1705843099004" dump="1705843099174"/><sessioninfo id="mounsef-MacBookAir-dd0f82a7" start="1705843099366" dump="1705843099532"/><sessioninfo id="mounsef-MacBookAir-a346bf0f" start="1705843099705" dump="1705843099860"/><sessioninfo id="mounsef-MacBookAir-2e995841" start="1705843100023" dump="1705843100196"/><sessioninfo id="mounsef-MacBookAir-8aa19622" start="1705843100362" dump="1705843100529"/><sessioninfo id="mounsef-MacBookAir-4179f952" start="1705843100701" dump="1705843100869"/><sessioninfo id="mounsef-MacBookAir-fa51db4a" start="1705843101054" dump="1705843101195"/><sessioninfo id="mounsef-MacBookAir-6c03819d" start="1705843101379" dump="1705843101545"/><sessioninfo id="mounsef-MacBookAir-731eaee9" start="1705843101714" dump="1705843101867"/><sessioninfo id="mounsef-MacBookAir-a5931ad9" start="1705843102035" dump="1705843102195"/><sessioninfo id="mounsef-MacBookAir-efebb0d4" start="1705843102377" dump="1705843102546"/><sessioninfo id="mounsef-MacBookAir-e7f5e7cf" start="1705843102721" dump="1705843102857"/><sessioninfo id="mounsef-MacBookAir-b8680ab1" start="1705843103096" dump="1705843103327"/><sessioninfo id="mounsef-MacBookAir-579c178f" start="1705843103491" dump="1705843103667"/><sessioninfo id="mounsef-MacBookAir-8680f67b" start="1705843103830" dump="1705843104006"/><sessioninfo id="mounsef-MacBookAir-83bb654f" start="1705843104175" dump="1705843104335"/><sessioninfo id="mounsef-MacBookAir-68c33c02" start="1705843104503" dump="1705843104654"/><sessioninfo id="mounsef-MacBookAir-c7269768" start="1705843104834" dump="1705843105010"/><sessioninfo id="mounsef-MacBookAir-3acb6322" start="1705843105195" dump="1705843105359"/><sessioninfo id="mounsef-MacBookAir-106a13a" start="1705843105535" dump="1705843105689"/><sessioninfo id="mounsef-MacBookAir-f458f2fb" start="1705843105870" dump="1705843106030"/><sessioninfo id="mounsef-MacBookAir-15784dfc" start="1705843106198" dump="1705843106373"/><sessioninfo id="mounsef-MacBookAir-d61340ec" start="1705843106543" dump="1705843106706"/><sessioninfo id="mounsef-MacBookAir-920be3f5" start="1705843106861" dump="1705843107030"/><sessioninfo id="mounsef-MacBookAir-e3abee58" start="1705843107203" dump="1705843107361"/><sessioninfo id="mounsef-MacBookAir-ed6c9326" start="1705843107533" dump="1705843107670"/><sessioninfo id="mounsef-MacBookAir-cd3666c8" start="1705843107858" dump="1705843108072"/><sessioninfo id="mounsef-MacBookAir-a5e16e34" start="1705843108327" dump="1705843108475"/><sessioninfo id="mounsef-MacBookAir-4f3c1fc5" start="1705843108652" dump="1705843108806"/><sessioninfo id="mounsef-MacBookAir-93a9556c" start="1705843108984" dump="1705843109154"/><sessioninfo id="mounsef-MacBookAir-12fbd644" start="1705843109327" dump="1705843109496"/><sessioninfo id="mounsef-MacBookAir-846d8b10" start="1705843109658" dump="1705843109816"/><sessioninfo id="mounsef-MacBookAir-51326a04" start="1705843109993" dump="1705843110152"/><sessioninfo id="mounsef-MacBookAir-e4c109e6" start="1705843110322" dump="1705843110473"/><sessioninfo id="mounsef-MacBookAir-a94a997f" start="1705843110647" dump="1705843110789"/><sessioninfo id="mounsef-MacBookAir-7a7cf239" start="1705843110964" dump="1705843111126"/><sessioninfo id="mounsef-MacBookAir-ca045ddc" start="1705843111297" dump="1705843111424"/><sessioninfo id="mounsef-MacBookAir-46801e1f" start="1705843111607" dump="1705843111736"/><sessioninfo id="mounsef-MacBookAir-69cd2b3a" start="1705843111930" dump="1705843112092"/><sessioninfo id="mounsef-MacBookAir-47be3fb1" start="1705843112277" dump="1705843112442"/><sessioninfo id="mounsef-MacBookAir-1cb408c4" start="1705843112610" dump="1705843112752"/><sessioninfo id="mounsef-MacBookAir-ff83014e" start="1705843112934" dump="1705843113125"/><sessioninfo id="mounsef-MacBookAir-bcd09942" start="1705843113327" dump="1705843113473"/><sessioninfo id="mounsef-MacBookAir-746a05c2" start="1705843113653" dump="1705843113791"/><sessioninfo id="mounsef-MacBookAir-10e5895c" start="1705843113971" dump="1705843114113"/><sessioninfo id="mounsef-MacBookAir-82a7f587" start="1705843114288" dump="1705843114427"/><sessioninfo id="mounsef-MacBookAir-7c4f125" start="1705843114599" dump="1705843114749"/><sessioninfo id="mounsef-MacBookAir-6708a8" start="1705843114927" dump="1705843115099"/><sessioninfo id="mounsef-MacBookAir-671a3f23" start="1705843115313" dump="1705843115469"/><sessioninfo id="mounsef-MacBookAir-38c34e5b" start="1705843115638" dump="1705843115768"/><sessioninfo id="mounsef-MacBookAir-a9970adf" start="1705843115953" dump="1705843116102"/><sessioninfo id="mounsef-MacBookAir-f88492d8" start="1705843116282" dump="1705843116414"/><sessioninfo id="mounsef-MacBookAir-bef11323" start="1705843116578" dump="1705843116705"/><sessioninfo id="mounsef-MacBookAir-413b88b2" start="1705843116863" dump="1705843117010"/><sessioninfo id="mounsef-MacBookAir-423692d9" start="1705843117184" dump="1705843117339"/><sessioninfo id="mounsef-MacBookAir-17aa8654" start="1705843117517" dump="1705843117676"/><sessioninfo id="mounsef-MacBookAir-e540601d" start="1705843117911" dump="1705843118135"/><sessioninfo id="mounsef-MacBookAir-7405d2c5" start="1705843118361" dump="1705843118511"/><sessioninfo id="mounsef-MacBookAir-bf777aa3" start="1705843118705" dump="1705843118883"/><sessioninfo id="mounsef-MacBookAir-77b1557f" start="1705843119057" dump="1705843119206"/><sessioninfo id="mounsef-MacBookAir-5c2ae4ae" start="1705843119385" dump="1705843119534"/><sessioninfo id="mounsef-MacBookAir-4938f979" start="1705843119703" dump="1705843119867"/><sessioninfo id="mounsef-MacBookAir-2c18d773" start="1705843120056" dump="1705843120218"/><sessioninfo id="mounsef-MacBookAir-fb19c5a0" start="1705843120391" dump="1705843120542"/><sessioninfo id="mounsef-MacBookAir-9eae2745" start="1705843120719" dump="1705843120874"/><sessioninfo id="mounsef-MacBookAir-4f74cd3a" start="1705843121040" dump="1705843121186"/><sessioninfo id="mounsef-MacBookAir-9ca6dd2b" start="1705843121371" dump="1705843121512"/><sessioninfo id="mounsef-MacBookAir-b821f5e5" start="1705843121685" dump="1705843121835"/><sessioninfo id="mounsef-MacBookAir-26d07c4b" start="1705843122016" dump="1705843122174"/><sessioninfo id="mounsef-MacBookAir-7126a046" start="1705843122342" dump="1705843122489"/><sessioninfo id="mounsef-MacBookAir-22dc0bc6" start="1705843122656" dump="1705843122794"/><sessioninfo id="mounsef-MacBookAir-b8b955f2" start="1705843122992" dump="1705843123240"/><sessioninfo id="mounsef-MacBookAir-603c2ea0" start="1705843123413" dump="1705843123560"/><sessioninfo id="mounsef-MacBookAir-2205ebb4" start="1705843123735" dump="1705843123895"/><sessioninfo id="mounsef-MacBookAir-4975c6" start="1705843124106" dump="1705843124244"/><sessioninfo id="mounsef-MacBookAir-5a7ff336" start="1705843124417" dump="1705843124579"/><sessioninfo id="mounsef-MacBookAir-3a6bfba4" start="1705843124752" dump="1705843124934"/><sessioninfo id="mounsef-MacBookAir-368efe96" start="1705843125112" dump="1705843125288"/><sessioninfo id="mounsef-MacBookAir-1c63c20c" start="1705843125469" dump="1705843125632"/><sessioninfo id="mounsef-MacBookAir-f82288df" start="1705843125800" dump="1705843125928"/><sessioninfo id="mounsef-MacBookAir-444df4b7" start="1705843126103" dump="1705843126230"/><sessioninfo id="mounsef-MacBookAir-afd77087" start="1705843126407" dump="1705843126552"/><sessioninfo id="mounsef-MacBookAir-caaea00b" start="1705843126724" dump="1705843126875"/><sessioninfo id="mounsef-MacBookAir-fb6c292f" start="1705843127046" dump="1705843127190"/><sessioninfo id="mounsef-MacBookAir-4bfb40c2" start="1705843127371" dump="1705843127500"/><sessioninfo id="mounsef-MacBookAir-6eaeefb7" start="1705843127677" dump="1705843127814"/><sessioninfo id="mounsef-MacBookAir-20ce915e" start="1705843128044" dump="1705843128250"/><sessioninfo id="mounsef-MacBookAir-9a672607" start="1705843128428" dump="1705843128589"/><sessioninfo id="mounsef-MacBookAir-63a42f7c" start="1705843128749" dump="1705843128880"/><sessioninfo id="mounsef-MacBookAir-99dd9fae" start="1705843129055" dump="1705843129217"/><sessioninfo id="mounsef-MacBookAir-52732d56" start="1705843129424" dump="1705843129583"/><sessioninfo id="mounsef-MacBookAir-b8e3d1e7" start="1705843129748" dump="1705843129887"/><sessioninfo id="mounsef-MacBookAir-76430a26" start="1705843130048" dump="1705843130202"/><sessioninfo id="mounsef-MacBookAir-3a4dbfcb" start="1705843130379" dump="1705843130532"/><sessioninfo id="mounsef-MacBookAir-988a56fb" start="1705843130707" dump="1705843130852"/><sessioninfo id="mounsef-MacBookAir-31f21c8" start="1705843131018" dump="1705843131188"/><sessioninfo id="mounsef-MacBookAir-aebd9b9" start="1705843131406" dump="1705843131574"/><sessioninfo id="mounsef-MacBookAir-52a25a9c" start="1705843131745" dump="1705843131901"/><sessioninfo id="mounsef-MacBookAir-6a77e69a" start="1705843132083" dump="1705843132262"/><sessioninfo id="mounsef-MacBookAir-9f1358d9" start="1705843132441" dump="1705843132583"/><sessioninfo id="mounsef-MacBookAir-907c8166" start="1705843132763" dump="1705843132931"/><sessioninfo id="mounsef-MacBookAir-9d6c61cd" start="1705843133170" dump="1705843133356"/><sessioninfo id="mounsef-MacBookAir-2c1928b2" start="1705843133533" dump="1705843133693"/><sessioninfo id="mounsef-MacBookAir-ffcd3383" start="1705843133866" dump="1705843134027"/><sessioninfo id="mounsef-MacBookAir-6a8e7550" start="1705843134199" dump="1705843134348"/><sessioninfo id="mounsef-MacBookAir-178575f" start="1705843134534" dump="1705843134706"/><sessioninfo id="mounsef-MacBookAir-b2565f6" start="1705843134874" dump="1705843135029"/><sessioninfo id="mounsef-MacBookAir-ffd15750" start="1705843135205" dump="1705843135358"/><sessioninfo id="mounsef-MacBookAir-7bd14653" start="1705843135548" dump="1705843135727"/><sessioninfo id="mounsef-MacBookAir-f5375085" start="1705843135916" dump="1705843136079"/><sessioninfo id="mounsef-MacBookAir-f9fa7cef" start="1705843136262" dump="1705843136455"/><sessioninfo id="mounsef-MacBookAir-6a933bb2" start="1705843136634" dump="1705843136818"/><sessioninfo id="mounsef-MacBookAir-7339dc58" start="1705843136995" dump="1705843137154"/><sessioninfo id="mounsef-MacBookAir-781090f1" start="1705843137323" dump="1705843137492"/><sessioninfo id="mounsef-MacBookAir-3c7ea1c0" start="1705843137671" dump="1705843137838"/><sessioninfo id="mounsef-MacBookAir-73ef9896" start="1705843138046" dump="1705843138283"/><sessioninfo id="mounsef-MacBookAir-3e791a7d" start="1705843138464" dump="1705843138612"/><sessioninfo id="mounsef-MacBookAir-ad81a866" start="1705843138772" dump="1705843138915"/><sessioninfo id="mounsef-MacBookAir-685197b3" start="1705843139097" dump="1705843139270"/><sessioninfo id="mounsef-MacBookAir-ae3e8f60" start="1705843139438" dump="1705843139601"/><sessioninfo id="mounsef-MacBookAir-28576a6e" start="1705843139798" dump="1705843139967"/><sessioninfo id="mounsef-MacBookAir-946cc9bd" start="1705843140139" dump="1705843140297"/><sessioninfo id="mounsef-MacBookAir-311ece02" start="1705843140486" dump="1705843140650"/><sessioninfo id="mounsef-MacBookAir-8ff12632" start="1705843140821" dump="1705843140982"/><sessioninfo id="mounsef-MacBookAir-d6e5d52" start="1705843141166" dump="1705843141353"/><sessioninfo id="mounsef-MacBookAir-74728c04" start="1705843141585" dump="1705843141738"/><sessioninfo id="mounsef-MacBookAir-411f7d7a" start="1705843141907" dump="1705843142083"/><sessioninfo id="mounsef-MacBookAir-2a13df33" start="1705843142261" dump="1705843142484"/><sessioninfo id="mounsef-MacBookAir-43da119c" start="1705843142649" dump="1705843142804"/><sessioninfo id="mounsef-MacBookAir-fb3989c7" start="1705843143003" dump="1705843143232"/><sessioninfo id="mounsef-MacBookAir-4e2e5b92" start="1705843143410" dump="1705843143593"/><sessioninfo id="mounsef-MacBookAir-15588dcf" start="1705843143773" dump="1705843143924"/><sessioninfo id="mounsef-MacBookAir-b57c3e11" start="1705843144107" dump="1705843144274"/><sessioninfo id="mounsef-MacBookAir-b7412a7" start="1705843144441" dump="1705843144619"/><sessioninfo id="mounsef-MacBookAir-878abb3a" start="1705843144794" dump="1705843144939"/><sessioninfo id="mounsef-MacBookAir-3f1fcdf8" start="1705843145111" dump="1705843145254"/><sessioninfo id="mounsef-MacBookAir-11d49027" start="1705843145444" dump="1705843145601"/><sessioninfo id="mounsef-MacBookAir-20fce142" start="1705843145787" dump="1705843145961"/><sessioninfo id="mounsef-MacBookAir-e4adda0a" start="1705843146139" dump="1705843146280"/><sessioninfo id="mounsef-MacBookAir-44bff8fe" start="1705843146464" dump="1705843146598"/><sessioninfo id="mounsef-MacBookAir-5ffacd8" start="1705843146780" dump="1705843146948"/><sessioninfo id="mounsef-MacBookAir-ccb70a3b" start="1705843147136" dump="1705843147289"/><sessioninfo id="mounsef-MacBookAir-b0bd1715" start="1705843147523" dump="1705843147705"/><sessioninfo id="mounsef-MacBookAir-720392cf" start="1705843147897" dump="1705843148179"/><sessioninfo id="mounsef-MacBookAir-780be337" start="1705843148464" dump="1705843148615"/><sessioninfo id="mounsef-MacBookAir-258c3030" start="1705843148784" dump="1705843148938"/><sessioninfo id="mounsef-MacBookAir-3e06e1bf" start="1705843149123" dump="1705843149291"/><sessioninfo id="mounsef-MacBookAir-e0536248" start="1705843149477" dump="1705843149601"/><sessioninfo id="mounsef-MacBookAir-a233e6a3" start="1705843149792" dump="1705843149955"/><sessioninfo id="mounsef-MacBookAir-c2751324" start="1705843150123" dump="1705843150292"/><sessioninfo id="mounsef-MacBookAir-e68ac710" start="1705843150483" dump="1705843150646"/><sessioninfo id="mounsef-MacBookAir-7b9df533" start="1705843150843" dump="1705843151013"/><sessioninfo id="mounsef-MacBookAir-705dfa9e" start="1705843151179" dump="1705843151331"/><sessioninfo id="mounsef-MacBookAir-160449b4" start="1705843151524" dump="1705843151687"/><sessioninfo id="mounsef-MacBookAir-c88a7d88" start="1705843151869" dump="1705843152014"/><sessioninfo id="mounsef-MacBookAir-45f40fd9" start="1705843152192" dump="1705843152354"/><sessioninfo id="mounsef-MacBookAir-c2ce81b4" start="1705843152540" dump="1705843152707"/><sessioninfo id="mounsef-MacBookAir-c6a08aa" start="1705843152899" dump="1705843153109"/><sessioninfo id="mounsef-MacBookAir-cc6739ed" start="1705843153317" dump="1705843153481"/><sessioninfo id="mounsef-MacBookAir-da573369" start="1705843153660" dump="1705843153817"/><sessioninfo id="mounsef-MacBookAir-c6f78915" start="1705843153999" dump="1705843154170"/><sessioninfo id="mounsef-MacBookAir-6747a96b" start="1705843154355" dump="1705843154512"/><sessioninfo id="mounsef-MacBookAir-7576b1d9" start="1705843154690" dump="1705843154850"/><sessioninfo id="mounsef-MacBookAir-2f598bdc" start="1705843155042" dump="1705843155195"/><sessioninfo id="mounsef-MacBookAir-12f31b7d" start="1705843155380" dump="1705843155563"/><sessioninfo id="mounsef-MacBookAir-a2d7bef0" start="1705843155740" dump="1705843155908"/><sessioninfo id="mounsef-MacBookAir-54f7f8c6" start="1705843156092" dump="1705843156226"/><sessioninfo id="mounsef-MacBookAir-e1acaad0" start="1705843156403" dump="1705843156561"/><sessioninfo id="mounsef-MacBookAir-e9963a05" start="1705843156755" dump="1705843156908"/><sessioninfo id="mounsef-MacBookAir-c6fd76c8" start="1705843157083" dump="1705843157223"/><sessioninfo id="mounsef-MacBookAir-99dd804" start="1705843157400" dump="1705843157533"/><sessioninfo id="mounsef-MacBookAir-4aaa4bb0" start="1705843157700" dump="1705843157816"/><sessioninfo id="mounsef-MacBookAir-a3c50213" start="1705843158074" dump="1705843158275"/><sessioninfo id="mounsef-MacBookAir-9e97ee4" start="1705843158444" dump="1705843158583"/><sessioninfo id="mounsef-MacBookAir-cfbed5c7" start="1705843158758" dump="1705843158888"/><sessioninfo id="mounsef-MacBookAir-d741c907" start="1705843159072" dump="1705843159208"/><sessioninfo id="mounsef-MacBookAir-f3fb0a30" start="1705843159410" dump="1705843159564"/><sessioninfo id="mounsef-MacBookAir-a0491482" start="1705843159749" dump="1705843159900"/><sessioninfo id="mounsef-MacBookAir-1858ce7b" start="1705843160089" dump="1705843160218"/><sessioninfo id="mounsef-MacBookAir-bae44c69" start="1705843160408" dump="1705843160555"/><sessioninfo id="mounsef-MacBookAir-2ba5d042" start="1705843160752" dump="1705843160908"/><sessioninfo id="mounsef-MacBookAir-37854aea" start="1705843161074" dump="1705843161200"/><sessioninfo id="mounsef-MacBookAir-74c8cf09" start="1705843161394" dump="1705843161580"/><sessioninfo id="mounsef-MacBookAir-f615128a" start="1705843161754" dump="1705843161881"/><sessioninfo id="mounsef-MacBookAir-5c09b6cd" start="1705843162196" dump="1705843162349"/><sessioninfo id="mounsef-MacBookAir-ec67784f" start="1705843162530" dump="1705843162585"/><sessioninfo id="mounsef-MacBookAir-faec5c05" start="1705843165116" dump="1705843165359"/><sessioninfo id="mounsef-MacBookAir-43d05d49" start="1705843165513" dump="1705843165615"/><package name="fr/ensimag/deca"><class name="fr/ensimag/deca/DecacMain" sourcefilename="DecacMain.java"><method name="&lt;clinit&gt;" desc="()V" line="23"><counter type="INSTRUCTION" missed="0" covered="4"/><counter type="LINE" missed="0" covered="1"/><counter type="COMPLEXITY" missed="0" covered="1"/><counter type="METHOD" missed="0" covered="1"/></method><method name="&lt;init&gt;" desc="()V" line="22"><counter type="INSTRUCTION" missed="3" covered="0"/><counter type="LINE" missed="1" covered="0"/><counter type="COMPLEXITY" missed="1" covered="0"/><counter type="METHOD" missed="1" covered="0"/></method><method name="main" desc="([Ljava/lang/String;)V" line="29"><counter type="INSTRUCTION" missed="79" covered="46"/><counter type="BRANCH" missed="7" covered="7"/><counter type="LINE" missed="19" covered="12"/><counter type="COMPLEXITY" missed="5" covered="3"/><counter type="METHOD" missed="0" covered="1"/></method><method name="lambda$0" desc="(Lfr/ensimag/deca/DecacCompiler;)Ljava/lang/Boolean;" line="81"><counter type="INSTRUCTION" missed="4" covered="0"/><counter type="LINE" missed="1" covered="0"/><counter type="COMPLEXITY" missed="1" covered="0"/><counter type="METHOD" missed="1" covered="0"/></method><counter type="INSTRUCTION" missed="86" covered="50"/><counter type="BRANCH" missed="7" covered="7"/><counter type="LINE" missed="21" covered="13"/><counter type="COMPLEXITY" missed="7" covered="4"/><counter type="METHOD" missed="2" covered="2"/><counter type="CLASS" missed="0" covered="1"/></class><class name="fr/ensimag/deca/CompilerOptions" sourcefilename="CompilerOptions.java"><method name="&lt;clinit&gt;" desc="()V" line="22"><counter type="INSTRUCTION" missed="0" covered="1"/><counter type="LINE" missed="0" covered="1"/><counter type="COMPLEXITY" missed="0" covered="1"/><counter type="METHOD" missed="0" covered="1"/></method><method name="&lt;init&gt;" desc="()V" line="18"><counter type="INSTRUCTION" missed="0" covered="29"/><counter type="LINE" missed="0" covered="9"/><counter type="COMPLEXITY" missed="0" covered="1"/><counter type="METHOD" missed="0" covered="1"/></method><method name="getDebug" desc="()I" line="24"><counter type="INSTRUCTION" missed="0" covered="3"/><counter type="LINE" missed="0" covered="1"/><counter type="COMPLEXITY" missed="0" covered="1"/><counter type="METHOD" missed="0" covered="1"/></method><method name="getParallel" desc="()Z" line="28"><counter type="INSTRUCTION" missed="0" covered="3"/><counter type="LINE" missed="0" covered="1"/><counter type="COMPLEXITY" missed="0" covered="1"/><counter type="METHOD" missed="0" covered="1"/></method><method name="getPrintBanner" desc="()Z" line="32"><counter type="INSTRUCTION" missed="0" covered="3"/><counter type="LINE" missed="0" covered="1"/><counter type="COMPLEXITY" missed="0" covered="1"/><counter type="METHOD" missed="0" covered="1"/></method><method name="getVerification" desc="()Z" line="36"><counter type="INSTRUCTION" missed="0" covered="3"/><counter type="LINE" missed="0" covered="1"/><counter type="COMPLEXITY" missed="0" covered="1"/><counter type="METHOD" missed="0" covered="1"/></method><method name="getParsing" desc="()Z" line="40"><counter type="INSTRUCTION" missed="0" covered="3"/><counter type="LINE" missed="0" covered="1"/><counter type="COMPLEXITY" missed="0" covered="1"/><counter type="METHOD" missed="0" covered="1"/></method><method name="getNoCheck" desc="()Z" line="44"><counter type="INSTRUCTION" missed="3" covered="0"/><counter type="LINE" missed="1" covered="0"/><counter type="COMPLEXITY" missed="1" covered="0"/><counter type="METHOD" missed="1" covered="0"/></method><method name="getSourceFiles" desc="()Ljava/util/List;" line="48"><counter type="INSTRUCTION" missed="0" covered="4"/><counter type="LINE" missed="0" covered="1"/><counter type="COMPLEXITY" missed="0" covered="1"/><counter type="METHOD" missed="0" covered="1"/></method><method name="parseArgs" desc="([Ljava/lang/String;)V" line="64"><counter type="INSTRUCTION" missed="83" covered="129"/><counter type="BRANCH" missed="28" covered="29"/><counter type="LINE" missed="16" covered="28"/><counter type="COMPLEXITY" missed="25" covered="6"/><counter type="METHOD" missed="0" covered="1"/></method><method name="displayUsage" desc="()V" line="161"><counter type="INSTRUCTION" missed="4" covered="0"/><counter type="LINE" missed="2" covered="0"/><counter type="COMPLEXITY" missed="1" covered="0"/><counter type="METHOD" missed="1" covered="0"/></method><counter type="INSTRUCTION" missed="90" covered="178"/><counter type="BRANCH" missed="28" covered="29"/><counter type="LINE" missed="19" covered="44"/><counter type="COMPLEXITY" missed="27" covered="14"/><counter type="METHOD" missed="2" covered="9"/><counter type="CLASS" missed="0" covered="1"/></class><class name="fr/ensimag/deca/CLIException" sourcefilename="CLIException.java"><method name="&lt;init&gt;" desc="(Ljava/lang/String;)V" line="13"><counter type="INSTRUCTION" missed="4" covered="0"/><counter type="LINE" missed="2" covered="0"/><counter type="COMPLEXITY" missed="1" covered="0"/><counter type="METHOD" missed="1" covered="0"/></method><counter type="INSTRUCTION" missed="4" covered="0"/><counter type="LINE" missed="2" covered="0"/><counter type="COMPLEXITY" missed="1" covered="0"/><counter type="METHOD" missed="1" covered="0"/><counter type="CLASS" missed="1" covered="0"/></class><class name="fr/ensimag/deca/DecacCompiler" sourcefilename="DecacCompiler.java"><method name="&lt;clinit&gt;" desc="()V" line="51"><counter type="INSTRUCTION" missed="0" covered="8"/><counter type="LINE" missed="0" covered="2"/><counter type="COMPLEXITY" missed="0" covered="1"/><counter type="METHOD" missed="0" covered="1"/></method><method name="&lt;init&gt;" desc="(Lfr/ensimag/deca/CompilerOptions;Ljava/io/File;)V" line="53"><counter type="INSTRUCTION" missed="0" covered="75"/><counter type="LINE" missed="0" covered="16"/><counter type="COMPLEXITY" missed="0" covered="1"/><counter type="METHOD" missed="0" covered="1"/></method><method name="getHandleMemory" desc="()Lfr/ensimag/deca/codegen/HandleMemory;" line="78"><counter type="INSTRUCTION" missed="0" covered="3"/><counter type="LINE" missed="0" covered="1"/><counter type="COMPLEXITY" missed="0" covered="1"/><counter type="METHOD" missed="0" covered="1"/></method><method name="getLabelCompteur" desc="()I" line="82"><counter type="INSTRUCTION" missed="0" covered="3"/><counter type="LINE" missed="0" covered="1"/><counter type="COMPLEXITY" missed="0" covered="1"/><counter type="METHOD" missed="0" covered="1"/></method><method name="incrementerLabelCompteur" desc="()V" line="85"><counter type="INSTRUCTION" missed="0" covered="7"/><counter type="LINE" missed="0" covered="2"/><counter type="COMPLEXITY" missed="0" covered="1"/><counter type="METHOD" missed="0" covered="1"/></method><method name="getOe" desc="()Lfr/ensimag/ima/pseudocode/Label;" line="89"><counter type="INSTRUCTION" missed="3" covered="0"/><counter type="LINE" missed="1" covered="0"/><counter type="COMPLEXITY" missed="1" covered="0"/><counter type="METHOD" missed="1" covered="0"/></method><method name="getSoe" desc="()Lfr/ensimag/ima/pseudocode/Label;" line="92"><counter type="INSTRUCTION" missed="3" covered="0"/><counter type="LINE" missed="1" covered="0"/><counter type="COMPLEXITY" missed="1" covered="0"/><counter type="METHOD" missed="1" covered="0"/></method><method name="getIe" desc="()Lfr/ensimag/ima/pseudocode/Label;" line="95"><counter type="INSTRUCTION" missed="3" covered="0"/><counter type="LINE" missed="1" covered="0"/><counter type="COMPLEXITY" missed="1" covered="0"/><counter type="METHOD" missed="1" covered="0"/></method><method name="getDn" desc="()Lfr/ensimag/ima/pseudocode/Label;" line="98"><counter type="INSTRUCTION" missed="3" covered="0"/><counter type="LINE" missed="1" covered="0"/><counter type="COMPLEXITY" missed="1" covered="0"/><counter type="METHOD" missed="1" covered="0"/></method><method name="getPp" desc="()Lfr/ensimag/ima/pseudocode/Label;" line="101"><counter type="INSTRUCTION" missed="3" covered="0"/><counter type="LINE" missed="1" covered="0"/><counter type="COMPLEXITY" missed="1" covered="0"/><counter type="METHOD" missed="1" covered="0"/></method><method name="getTp" desc="()Lfr/ensimag/ima/pseudocode/Label;" line="104"><counter type="INSTRUCTION" missed="3" covered="0"/><counter type="LINE" missed="1" covered="0"/><counter type="COMPLEXITY" missed="1" covered="0"/><counter type="METHOD" missed="1" covered="0"/></method><method name="getRts" desc="()Lfr/ensimag/ima/pseudocode/Label;" line="107"><counter type="INSTRUCTION" missed="3" covered="0"/><counter type="LINE" missed="1" covered="0"/><counter type="COMPLEXITY" missed="1" covered="0"/><counter type="METHOD" missed="1" covered="0"/></method><method name="getSource" desc="()Ljava/io/File;" line="114"><counter type="INSTRUCTION" missed="3" covered="0"/><counter type="LINE" missed="1" covered="0"/><counter type="COMPLEXITY" missed="1" covered="0"/><counter type="METHOD" missed="1" covered="0"/></method><method name="getCompilerOptions" desc="()Lfr/ensimag/deca/CompilerOptions;" line="122"><counter type="INSTRUCTION" missed="0" covered="3"/><counter type="LINE" missed="0" covered="1"/><counter type="COMPLEXITY" missed="0" covered="1"/><counter type="METHOD" missed="0" covered="1"/></method><method name="add" desc="(Lfr/ensimag/ima/pseudocode/AbstractLine;)V" line="130"><counter type="INSTRUCTION" missed="5" covered="0"/><counter type="LINE" missed="2" covered="0"/><counter type="COMPLEXITY" missed="1" covered="0"/><counter type="METHOD" missed="1" covered="0"/></method><method name="addComment" desc="(Ljava/lang/String;)V" line="137"><counter type="INSTRUCTION" missed="0" covered="5"/><counter type="LINE" missed="0" covered="2"/><counter type="COMPLEXITY" missed="0" covered="1"/><counter type="METHOD" missed="0" covered="1"/></method><method name="addLabel" desc="(Lfr/ensimag/ima/pseudocode/Label;)V" line="145"><counter type="INSTRUCTION" missed="0" covered="5"/><counter type="LINE" missed="0" covered="2"/><counter type="COMPLEXITY" missed="0" covered="1"/><counter type="METHOD" missed="0" covered="1"/></method><method name="addInstruction" desc="(Lfr/ensimag/ima/pseudocode/Instruction;)V" line="153"><counter type="INSTRUCTION" missed="0" covered="5"/><counter type="LINE" missed="0" covered="2"/><counter type="COMPLEXITY" missed="0" covered="1"/><counter type="METHOD" missed="0" covered="1"/></method><method name="addInstruction" desc="(Lfr/ensimag/ima/pseudocode/Instruction;Ljava/lang/String;)V" line="162"><counter type="INSTRUCTION" missed="6" covered="0"/><counter type="LINE" missed="2" covered="0"/><counter type="COMPLEXITY" missed="1" covered="0"/><counter type="METHOD" missed="1" covered="0"/></method><method name="displayIMAProgram" desc="()Ljava/lang/String;" line="170"><counter type="INSTRUCTION" missed="4" covered="0"/><counter type="LINE" missed="1" covered="0"/><counter type="COMPLEXITY" missed="1" covered="0"/><counter type="METHOD" missed="1" covered="0"/></method><method name="getProgram" desc="()Lfr/ensimag/ima/pseudocode/IMAProgram;" line="181"><counter type="INSTRUCTION" missed="3" covered="0"/><counter type="LINE" missed="1" covered="0"/><counter type="COMPLEXITY" missed="1" covered="0"/><counter type="METHOD" missed="1" covered="0"/></method><method name="createSymbol" desc="(Ljava/lang/String;)Lfr/ensimag/deca/tools/SymbolTable$Symbol;" line="192"><counter type="INSTRUCTION" missed="0" covered="5"/><counter type="LINE" missed="0" covered="1"/><counter type="COMPLEXITY" missed="0" covered="1"/><counter type="METHOD" missed="0" covered="1"/></method><method name="compile" desc="()Z" line="201"><counter type="INSTRUCTION" missed="83" covered="35"/><counter type="LINE" missed="20" covered="7"/><counter type="COMPLEXITY" missed="0" covered="1"/><counter type="METHOD" missed="0" covered="1"/></method><method name="doCompile" desc="(Ljava/lang/String;Ljava/lang/String;Ljava/io/PrintStream;Ljava/io/PrintStream;)Z" line="249"><counter type="INSTRUCTION" missed="86" covered="293"/><counter type="BRANCH" missed="14" covered="8"/><counter type="LINE" missed="14" covered="57"/><counter type="COMPLEXITY" missed="11" covered="1"/><counter type="METHOD" missed="0" covered="1"/></method><method name="doLexingAndParsing" desc="(Ljava/lang/String;Ljava/io/PrintStream;)Lfr/ensimag/deca/tree/AbstractProgram;" line="361"><counter type="INSTRUCTION" missed="13" covered="27"/><counter type="LINE" missed="1" covered="7"/><counter type="COMPLEXITY" missed="0" covered="1"/><counter type="METHOD" missed="0" covered="1"/></method><counter type="INSTRUCTION" missed="224" covered="474"/><counter type="BRANCH" missed="14" covered="8"/><counter type="LINE" missed="49" covered="101"/><counter type="COMPLEXITY" missed="23" covered="13"/><counter type="METHOD" missed="12" covered="13"/><counter type="CLASS" missed="0" covered="1"/></class><class name="fr/ensimag/deca/DecacFatalError" sourcefilename="DecacFatalError.java"><method name="&lt;init&gt;" desc="(Ljava/lang/String;)V" line="14"><counter type="INSTRUCTION" missed="4" covered="0"/><counter type="LINE" missed="2" covered="0"/><counter type="COMPLEXITY" missed="1" covered="0"/><counter type="METHOD" missed="1" covered="0"/></method><counter type="INSTRUCTION" missed="4" covered="0"/><counter type="LINE" missed="2" covered="0"/><counter type="COMPLEXITY" missed="1" covered="0"/><counter type="METHOD" missed="1" covered="0"/><counter type="CLASS" missed="1" covered="0"/></class><sourcefile name="DecacFatalError.java"><line nr="14" mi="3" ci="0" mb="0" cb="0"/><line nr="15" mi="1" ci="0" mb="0" cb="0"/><counter type="INSTRUCTION" missed="4" covered="0"/><counter type="LINE" missed="2" covered="0"/><counter type="COMPLEXITY" missed="1" covered="0"/><counter type="METHOD" missed="1" covered="0"/><counter type="CLASS" missed="1" covered="0"/></sourcefile><sourcefile name="CLIException.java"><line nr="13" mi="3" ci="0" mb="0" cb="0"/><line nr="14" mi="1" ci="0" mb="0" cb="0"/><counter type="INSTRUCTION" missed="4" covered="0"/><counter type="LINE" missed="2" covered="0"/><counter type="COMPLEXITY" missed="1" covered="0"/><counter type="METHOD" missed="1" covered="0"/><counter type="CLASS" missed="1" covered="0"/></sourcefile><sourcefile name="CompilerOptions.java"><line nr="18" mi="0" ci="3" mb="0" cb="0"/><line nr="22" mi="0" ci="1" mb="0" cb="0"/><line nr="24" mi="0" ci="3" mb="0" cb="0"/><line nr="28" mi="0" ci="3" mb="0" cb="0"/><line nr="32" mi="0" ci="3" mb="0" cb="0"/><line nr="36" mi="0" ci="3" mb="0" cb="0"/><line nr="40" mi="0" ci="3" mb="0" cb="0"/><line nr="44" mi="3" ci="0" mb="0" cb="0"/><line nr="48" mi="0" ci="4" mb="0" cb="0"/><line nr="52" mi="0" ci="3" mb="0" cb="0"/><line nr="53" mi="0" ci="3" mb="0" cb="0"/><line nr="54" mi="0" ci="3" mb="0" cb="0"/><line nr="55" mi="0" ci="3" mb="0" cb="0"/><line nr="56" mi="0" ci="3" mb="0" cb="0"/><line nr="57" mi="0" ci="3" mb="0" cb="0"/><line nr="58" mi="0" ci="3" mb="0" cb="0"/><line nr="59" mi="0" ci="5" mb="0" cb="0"/><line nr="64" mi="0" ci="2" mb="0" cb="0"/><line nr="66" mi="0" ci="8" mb="0" cb="2"/><line nr="68" mi="0" ci="4" mb="0" cb="0"/><line nr="70" mi="0" ci="4" mb="0" cb="2"/><line nr="71" mi="0" ci="2" mb="0" cb="0"/><line nr="72" mi="0" ci="8" mb="0" cb="0"/><line nr="75" mi="0" ci="4" mb="0" cb="2"/><line nr="76" mi="0" ci="3" mb="0" cb="0"/><line nr="80" mi="0" ci="4" mb="1" cb="1"/><line nr="81" mi="3" ci="0" mb="0" cb="0"/><line nr="85" mi="0" ci="4" mb="1" cb="1"/><line nr="86" mi="3" ci="0" mb="0" cb="0"/><line nr="90" mi="0" ci="4" mb="1" cb="1"/><line nr="91" mi="6" ci="0" mb="0" cb="0"/><line nr="95" mi="0" ci="4" mb="1" cb="1"/><line nr="96" mi="8" ci="0" mb="0" cb="0"/><line nr="100" mi="0" ci="4" mb="1" cb="1"/><line nr="101" mi="3" ci="0" mb="0" cb="0"/><line nr="105" mi="0" ci="4" mb="1" cb="1"/><line nr="106" mi="3" ci="0" mb="0" cb="0"/><line nr="112" mi="13" ci="4" mb="5" cb="1"/><line nr="114" mi="3" ci="3" mb="3" cb="1"/><line nr="115" mi="2" ci="0" mb="0" cb="0"/><line nr="116" mi="5" ci="0" mb="0" cb="0"/><line nr="119" mi="0" ci="26" mb="7" cb="9"/><line nr="120" mi="2" ci="0" mb="0" cb="0"/><line nr="121" mi="5" ci="0" mb="0" cb="0"/><line nr="125" mi="0" ci="7" mb="1" cb="3"/><line nr="126" mi="5" ci="0" mb="0" cb="0"/><line nr="130" mi="0" ci="2" mb="0" cb="0"/><line nr="132" mi="0" ci="3" mb="4" cb="1"/><line nr="133" mi="0" ci="1" mb="0" cb="0"/><line nr="135" mi="4" ci="0" mb="0" cb="0"/><line nr="137" mi="4" ci="0" mb="0" cb="0"/><line nr="139" mi="4" ci="0" mb="0" cb="0"/><line nr="141" mi="3" ci="0" mb="0" cb="0"/><line nr="143" mi="0" ci="10" mb="0" cb="0"/><line nr="145" mi="0" ci="2" mb="0" cb="0"/><line nr="146" mi="4" ci="5" mb="1" cb="1"/><line nr="147" mi="0" ci="2" mb="1" cb="1"/><line nr="148" mi="0" ci="3" mb="0" cb="0"/><line nr="149" mi="0" ci="1" mb="0" cb="0"/><line nr="150" mi="3" ci="0" mb="0" cb="0"/><line nr="158" mi="0" ci="1" mb="0" cb="0"/><line nr="161" mi="3" ci="0" mb="0" cb="0"/><line nr="162" mi="1" ci="0" mb="0" cb="0"/><counter type="INSTRUCTION" missed="90" covered="178"/><counter type="BRANCH" missed="28" covered="29"/><counter type="LINE" missed="19" covered="44"/><counter type="COMPLEXITY" missed="27" covered="14"/><counter type="METHOD" missed="2" covered="9"/><counter type="CLASS" missed="0" covered="1"/></sourcefile><sourcefile name="DecacMain.java"><line nr="22" mi="3" ci="0" mb="0" cb="0"/><line nr="23" mi="0" ci="4" mb="0" cb="0"/><line nr="29" mi="0" ci="3" mb="0" cb="0"/><line nr="30" mi="0" ci="2" mb="0" cb="0"/><line nr="31" mi="0" ci="4" mb="0" cb="0"/><line nr="33" mi="0" ci="3" mb="0" cb="0"/><line nr="34" mi="1" ci="1" mb="0" cb="0"/><line nr="35" mi="6" ci="0" mb="0" cb="0"/><line nr="36" mi="4" ci="0" mb="0" cb="0"/><line nr="37" mi="2" ci="0" mb="0" cb="0"/><line nr="38" mi="2" ci="0" mb="0" cb="0"/><line nr="48" mi="0" ci="3" mb="0" cb="2"/><line nr="50" mi="0" ci="3" mb="0" cb="0"/><line nr="59" mi="0" ci="3" mb="1" cb="1"/><line nr="67" mi="3" ci="0" mb="0" cb="0"/><line nr="70" mi="3" ci="0" mb="0" cb="0"/><line nr="73" mi="4" ci="0" mb="0" cb="0"/><line nr="76" mi="12" ci="0" mb="2" cb="0"/><line nr="77" mi="6" ci="0" mb="0" cb="0"/><line nr="79" mi="3" ci="0" mb="0" cb="0"/><line nr="81" mi="4" ci="0" mb="0" c
[...]
i="0" ci="4" mb="0" cb="0"/><line nr="2914" mi="0" ci="3" mb="0" cb="0"/><line nr="2917" mi="0" ci="1" mb="0" cb="0"/><line nr="2919" mi="5" ci="0" mb="0" cb="0"/><line nr="2922" mi="1" ci="0" mb="0" cb="0"/><line nr="2923" mi="3" ci="0" mb="0" cb="0"/><line nr="2924" mi="5" ci="0" mb="0" cb="0"/><line nr="2925" mi="5" ci="0" mb="0" cb="0"/><line nr="2928" mi="0" ci="2" mb="0" cb="0"/><line nr="2930" mi="0" ci="2" mb="0" cb="0"/><line nr="2941" mi="4" ci="0" mb="0" cb="0"/><line nr="2944" mi="6" ci="0" mb="0" cb="0"/><line nr="2946" mi="4" ci="0" mb="0" cb="0"/><line nr="2948" mi="5" ci="0" mb="0" cb="0"/><line nr="2950" mi="5" ci="0" mb="0" cb="0"/><line nr="2952" mi="0" ci="4" mb="0" cb="0"/><line nr="2953" mi="0" ci="3" mb="0" cb="0"/><line nr="2954" mi="0" ci="3" mb="0" cb="0"/><line nr="2955" mi="0" ci="3" mb="0" cb="0"/><line nr="2956" mi="0" ci="1" mb="0" cb="0"/><line nr="2957" mi="2" ci="0" mb="0" cb="0"/><line nr="2961" mi="0" ci="11" mb="0" cb="0"/><line nr="2962" mi="0" ci="5" mb="0" cb="0"/><line nr="2965" mi="0" ci="4" mb="0" cb="0"/><line nr="2967" mi="0" ci="3" mb="0" cb="0"/><line nr="2968" mi="0" ci="8" mb="0" cb="0"/><line nr="2970" mi="4" ci="5" mb="1" cb="1"/><line nr="2971" mi="0" ci="6" mb="0" cb="0"/><line nr="2973" mi="0" ci="3" mb="0" cb="0"/><line nr="2974" mi="0" ci="4" mb="0" cb="0"/><line nr="2975" mi="0" ci="5" mb="0" cb="0"/><line nr="2976" mi="0" ci="4" mb="1" cb="1"/><line nr="2979" mi="3" ci="0" mb="0" cb="0"/><line nr="2980" mi="4" ci="0" mb="0" cb="0"/><line nr="2981" mi="3" ci="0" mb="0" cb="0"/><line nr="2982" mi="8" ci="0" mb="0" cb="0"/><line nr="2984" mi="9" ci="0" mb="2" cb="0"/><line nr="2985" mi="6" ci="0" mb="0" cb="0"/><line nr="2989" mi="3" ci="0" mb="0" cb="0"/><line nr="2990" mi="4" ci="0" mb="0" cb="0"/><line nr="2991" mi="5" ci="0" mb="0" cb="0"/><line nr="2994" mi="0" ci="1" mb="0" cb="0"/><line nr="2995" mi="1" ci="0" mb="0" cb="0"/><line nr="2996" mi="3" ci="0" mb="0" cb="0"/><line nr="2997" mi="5" ci="0" mb="0" cb="0"/><line nr="2998" mi="5" ci="0" mb="0" cb="0"/><line nr="3001" mi="0" ci="2" mb="0" cb="0"/><line nr="3003" mi="0" ci="2" mb="0" cb="0"/><line nr="3015" mi="6" ci="0" mb="0" cb="0"/><line nr="3017" mi="5" ci="0" mb="0" cb="0"/><line nr="3019" mi="6" ci="0" mb="0" cb="0"/><line nr="3021" mi="5" ci="0" mb="0" cb="0"/><line nr="3023" mi="0" ci="4" mb="0" cb="0"/><line nr="3024" mi="0" ci="3" mb="0" cb="0"/><line nr="3025" mi="0" ci="3" mb="0" cb="0"/><line nr="3026" mi="0" ci="1" mb="0" cb="0"/><line nr="3027" mi="2" ci="0" mb="0" cb="0"/><line nr="3031" mi="0" ci="10" mb="0" cb="0"/><line nr="3032" mi="0" ci="5" mb="0" cb="0"/><line nr="3039" mi="0" ci="4" mb="0" cb="0"/><line nr="3041" mi="0" ci="3" mb="0" cb="0"/><line nr="3042" mi="0" ci="4" mb="0" cb="0"/><line nr="3044" mi="4" ci="5" mb="1" cb="1"/><line nr="3045" mi="0" ci="4" mb="0" cb="0"/><line nr="3046" mi="4" ci="3" mb="1" cb="1"/><line nr="3047" mi="0" ci="13" mb="0" cb="0"/><line nr="3048" mi="1" ci="11" mb="1" cb="1"/><line nr="3050" mi="0" ci="3" mb="0" cb="0"/><line nr="3051" mi="0" ci="4" mb="0" cb="0"/><line nr="3052" mi="0" ci="5" mb="0" cb="0"/><line nr="3053" mi="0" ci="3" mb="0" cb="2"/><line nr="3055" mi="0" ci="3" mb="0" cb="0"/><line nr="3056" mi="0" ci="5" mb="0" cb="0"/><line nr="3057" mi="0" ci="3" mb="0" cb="0"/><line nr="3058" mi="0" ci="4" mb="0" cb="0"/><line nr="3060" mi="4" ci="5" mb="1" cb="1"/><line nr="3061" mi="0" ci="7" mb="0" cb="0"/><line nr="3062" mi="0" ci="13" mb="0" cb="0"/><line nr="3063" mi="0" ci="6" mb="0" cb="0"/><line nr="3064" mi="1" ci="10" mb="1" cb="1"/><line nr="3072" mi="0" ci="1" mb="0" cb="0"/><line nr="3073" mi="1" ci="0" mb="0" cb="0"/><line nr="3074" mi="3" ci="0" mb="0" cb="0"/><line nr="3075" mi="5" ci="0" mb="0" cb="0"/><line nr="3076" mi="5" ci="0" mb="0" cb="0"/><line nr="3079" mi="0" ci="2" mb="0" cb="0"/><line nr="3081" mi="0" ci="2" mb="0" cb="0"/><line nr="3094" mi="6" ci="0" mb="0" cb="0"/><line nr="3097" mi="6" ci="0" mb="0" cb="0"/><line nr="3099" mi="4" ci="0" mb="0" cb="0"/><line nr="3101" mi="5" ci="0" mb="0" cb="0"/><line nr="3103" mi="4" ci="0" mb="0" cb="0"/><line nr="3105" mi="5" ci="0" mb="0" cb="0"/><line nr="3108" mi="6" ci="0" mb="0" cb="0"/><line nr="3111" mi="6" ci="0" mb="0" cb="0"/><line nr="3113" mi="5" ci="0" mb="0" cb="0"/><line nr="3114" mi="5" ci="0" mb="0" cb="0"/><line nr="3116" mi="6" ci="0" mb="0" cb="0"/><line nr="3119" mi="0" ci="4" mb="0" cb="0"/><line nr="3120" mi="0" ci="1" mb="0" cb="0"/><line nr="3121" mi="2" ci="0" mb="0" cb="0"/><line nr="3125" mi="0" ci="8" mb="0" cb="0"/><line nr="3126" mi="0" ci="5" mb="0" cb="0"/><line nr="3132" mi="0" ci="4" mb="0" cb="0"/><line nr="3134" mi="0" ci="3" mb="0" cb="0"/><line nr="3135" mi="0" ci="4" mb="0" cb="0"/><line nr="3136" mi="0" ci="3" mb="0" cb="0"/><line nr="3137" mi="0" ci="4" mb="0" cb="0"/><line nr="3138" mi="0" ci="3" mb="0" cb="0"/><line nr="3139" mi="0" ci="4" mb="0" cb="0"/><line nr="3140" mi="0" ci="3" mb="0" cb="0"/><line nr="3141" mi="0" ci="4" mb="0" cb="0"/><line nr="3142" mi="0" ci="3" mb="0" cb="0"/><line nr="3143" mi="0" ci="4" mb="0" cb="0"/><line nr="3144" mi="0" ci="3" mb="0" cb="0"/><line nr="3145" mi="0" ci="4" mb="0" cb="0"/><line nr="3146" mi="0" ci="5" mb="2" cb="1"/><line nr="3149" mi="0" ci="3" mb="0" cb="0"/><line nr="3150" mi="0" ci="4" mb="0" cb="0"/><line nr="3152" mi="0" ci="10" mb="0" cb="0"/><line nr="3153" mi="1" ci="10" mb="1" cb="1"/><line nr="3156" mi="0" ci="1" mb="0" cb="0"/><line nr="3159" mi="3" ci="0" mb="0" cb="0"/><line nr="3160" mi="5" ci="0" mb="0" cb="0"/><line nr="3161" mi="3" ci="0" mb="0" cb="0"/><line nr="3162" mi="4" ci="0" mb="0" cb="0"/><line nr="3163" mi="3" ci="0" mb="0" cb="0"/><line nr="3164" mi="4" ci="0" mb="0" cb="0"/><line nr="3165" mi="3" ci="0" mb="0" cb="0"/><line nr="3166" mi="4" ci="0" mb="0" cb="0"/><line nr="3167" mi="3" ci="0" mb="0" cb="0"/><line nr="3168" mi="4" ci="0" mb="0" cb="0"/><line nr="3170" mi="10" ci="0" mb="0" cb="0"/><line nr="3171" mi="5" ci="0" mb="0" cb="0"/><line nr="3174" mi="1" ci="0" mb="0" cb="0"/><line nr="3176" mi="5" ci="0" mb="0" cb="0"/><line nr="3179" mi="4" ci="5" mb="1" cb="1"/><line nr="3180" mi="0" ci="15" mb="0" cb="0"/><line nr="3181" mi="1" ci="11" mb="1" cb="1"/><line nr="3184" mi="0" ci="1" mb="0" cb="0"/><line nr="3185" mi="0" ci="1" mb="0" cb="0"/><line nr="3186" mi="0" ci="3" mb="0" cb="0"/><line nr="3187" mi="5" ci="0" mb="0" cb="0"/><line nr="3188" mi="5" ci="0" mb="0" cb="0"/><line nr="3191" mi="0" ci="2" mb="0" cb="0"/><line nr="3193" mi="0" ci="2" mb="0" cb="0"/><line nr="3202" mi="4" ci="0" mb="0" cb="0"/><line nr="3205" mi="6" ci="0" mb="0" cb="0"/><line nr="3207" mi="4" ci="0" mb="0" cb="0"/><line nr="3209" mi="5" ci="0" mb="0" cb="0"/><line nr="3212" mi="0" ci="4" mb="0" cb="0"/><line nr="3213" mi="0" ci="1" mb="0" cb="0"/><line nr="3214" mi="2" ci="0" mb="0" cb="0"/><line nr="3218" mi="0" ci="8" mb="0" cb="0"/><line nr="3219" mi="0" ci="5" mb="0" cb="0"/><line nr="3221" mi="0" ci="5" mb="0" cb="0"/><line nr="3225" mi="0" ci="4" mb="0" cb="0"/><line nr="3227" mi="0" ci="3" mb="0" cb="0"/><line nr="3228" mi="0" ci="4" mb="0" cb="0"/><line nr="3229" mi="0" ci="5" mb="0" cb="0"/><line nr="3230" mi="0" ci="3" mb="0" cb="2"/><line nr="3232" mi="0" ci="3" mb="0" cb="0"/><line nr="3233" mi="0" ci="4" mb="0" cb="0"/><line nr="3235" mi="4" ci="5" mb="1" cb="1"/><line nr="3236" mi="0" ci="6" mb="0" cb="0"/><line nr="3237" mi="1" ci="11" mb="1" cb="1"/><line nr="3239" mi="0" ci="3" mb="0" cb="0"/><line nr="3240" mi="0" ci="4" mb="0" cb="0"/><line nr="3241" mi="0" ci="5" mb="0" cb="0"/><line nr="3242" mi="0" ci="4" mb="0" cb="2"/><line nr="3245" mi="0" ci="3" mb="0" cb="0"/><line nr="3246" mi="0" ci="4" mb="0" cb="0"/><line nr="3247" mi="0" ci="3" mb="0" cb="0"/><line nr="3248" mi="0" ci="4" mb="0" cb="0"/><line nr="3250" mi="4" ci="5" mb="1" cb="1"/><line nr="3251" mi="0" ci="6" mb="0" cb="0"/><line nr="3252" mi="1" ci="11" mb="1" cb="1"/><line nr="3256" mi="0" ci="3" mb="0" cb="0"/><line nr="3257" mi="0" ci="4" mb="0" cb="0"/><line nr="3258" mi="0" ci="5" mb="0" cb="0"/><line nr="3264" mi="0" ci="1" mb="0" cb="0"/><line nr="3265" mi="1" ci="0" mb="0" cb="0"/><line nr="3266" mi="3" ci="0" mb="0" cb="0"/><line nr="3267" mi="5" ci="0" mb="0" cb="0"/><line nr="3268" mi="5" ci="0" mb="0" cb="0"/><line nr="3271" mi="0" ci="2" mb="0" cb="0"/><line nr="3273" mi="0" ci="2" mb="0" cb="0"/><line nr="3281" mi="5" ci="0" mb="0" cb="0"/><line nr="3282" mi="5" ci="0" mb="0" cb="0"/><line nr="3284" mi="4" ci="0" mb="0" cb="0"/><line nr="3285" mi="1" ci="0" mb="0" cb="0"/><line nr="3286" mi="2" ci="0" mb="0" cb="0"/><line nr="3290" mi="8" ci="0" mb="0" cb="0"/><line nr="3291" mi="5" ci="0" mb="0" cb="0"/><line nr="3293" mi="3" ci="0" mb="0" cb="0"/><line nr="3294" mi="4" ci="0" mb="0" cb="0"/><line nr="3295" mi="5" ci="0" mb="3" cb="0"/><line nr="3297" mi="4" ci="0" mb="0" cb="0"/><line nr="3299" mi="3" ci="0" mb="0" cb="0"/><line nr="3300" mi="5" ci="0" mb="0" cb="0"/><line nr="3302" mi="10" ci="0" mb="2" cb="0"/><line nr="3303" mi="6" ci="0" mb="0" cb="0"/><line nr="3306" mi="1" ci="0" mb="0" cb="0"/><line nr="3308" mi="4" ci="0" mb="0" cb="0"/><line nr="3310" mi="3" ci="0" mb="0" cb="0"/><line nr="3311" mi="5" ci="0" mb="0" cb="0"/><line nr="3313" mi="10" ci="0" mb="2" cb="0"/><line nr="3314" mi="6" ci="0" mb="0" cb="0"/><line nr="3317" mi="1" ci="0" mb="0" cb="0"/><line nr="3319" mi="5" ci="0" mb="0" cb="0"/><line nr="3322" mi="1" ci="0" mb="0" cb="0"/><line nr="3323" mi="3" ci="0" mb="0" cb="0"/><line nr="3324" mi="5" ci="0" mb="0" cb="0"/><line nr="3325" mi="5" ci="0" mb="0" cb="0"/><line nr="3328" mi="2" ci="0" mb="0" cb="0"/><line nr="3330" mi="2" ci="0" mb="0" cb="0"/><line nr="3339" mi="6" ci="0" mb="0" cb="0"/><line nr="3342" mi="6" ci="0" mb="0" cb="0"/><line nr="3345" mi="0" ci="4" mb="0" cb="0"/><line nr="3346" mi="0" ci="1" mb="0" cb="0"/><line nr="3347" mi="2" ci="0" mb="0" cb="0"/><line nr="3351" mi="0" ci="8" mb="0" cb="0"/><line nr="3352" mi="0" ci="5" mb="0" cb="0"/><line nr="3357" mi="0" ci="4" mb="0" cb="0"/><line nr="3359" mi="0" ci="3" mb="0" cb="0"/><line nr="3360" mi="0" ci="4" mb="0" cb="0"/><line nr="3361" mi="0" ci="3" mb="0" cb="0"/><line nr="3362" mi="0" ci="4" mb="0" cb="0"/><line nr="3364" mi="4" ci="5" mb="1" cb="1"/><line nr="3365" mi="0" ci="11" mb="0" cb="0"/><line nr="3366" mi="1" ci="11" mb="1" cb="1"/><line nr="3369" mi="0" ci="1" mb="0" cb="0"/><line nr="3370" mi="1" ci="0" mb="0" cb="0"/><line nr="3371" mi="3" ci="0" mb="0" cb="0"/><line nr="3372" mi="5" ci="0" mb="0" cb="0"/><line nr="3373" mi="5" ci="0" mb="0" cb="0"/><line nr="3376" mi="0" ci="2" mb="0" cb="0"/><line nr="3378" mi="0" ci="2" mb="0" cb="0"/><line nr="3382" mi="2" ci="0" mb="8" cb="0"/><line nr="3384" mi="6" ci="0" mb="0" cb="0"/><line nr="3386" mi="6" ci="0" mb="0" cb="0"/><line nr="3388" mi="6" ci="0" mb="0" cb="0"/><line nr="3390" mi="6" ci="0" mb="0" cb="0"/><line nr="3392" mi="6" ci="0" mb="0" cb="0"/><line nr="3394" mi="6" ci="0" mb="0" cb="0"/><line nr="3396" mi="6" ci="0" mb="0" cb="0"/><line nr="3398" mi="2" ci="0" mb="0" cb="0"/><line nr="3401" mi="2" ci="0" mb="2" cb="0"/><line nr="3403" mi="6" ci="0" mb="0" cb="0"/><line nr="3405" mi="2" ci="0" mb="0" cb="0"/><line nr="3408" mi="2" ci="0" mb="2" cb="0"/><line nr="3410" mi="6" ci="0" mb="0" cb="0"/><line nr="3412" mi="2" ci="0" mb="0" cb="0"/><line nr="3415" mi="2" ci="0" mb="3" cb="0"/><line nr="3417" mi="6" ci="0" mb="0" cb="0"/><line nr="3419" mi="6" ci="0" mb="0" cb="0"/><line nr="3421" mi="2" ci="0" mb="0" cb="0"/><line nr="3424" mi="2" ci="0" mb="6" cb="0"/><line nr="3426" mi="6" ci="0" mb="0" cb="0"/><line nr="3428" mi="6" ci="0" mb="0" cb="0"/><line nr="3430" mi="6" ci="0" mb="0" cb="0"/><line nr="3432" mi="6" ci="0" mb="0" cb="0"/><line nr="3434" mi="6" ci="0" mb="0" cb="0"/><line nr="3436" mi="2" ci="0" mb="0" cb="0"/><line nr="3439" mi="2" ci="0" mb="3" cb="0"/><line nr="3441" mi="6" ci="0" mb="0" cb="0"/><line nr="3443" mi="6" ci="0" mb="0" cb="0"/><line nr="3445" mi="2" ci="0" mb="0" cb="0"/><line nr="3448" mi="2" ci="0" mb="4" cb="0"/><line nr="3450" mi="6" ci="0" mb="0" cb="0"/><line nr="3452" mi="6" ci="0" mb="0" cb="0"/><line nr="3454" mi="6" ci="0" mb="0" cb="0"/><line nr="3456" mi="2" ci="0" mb="0" cb="0"/><line nr="3459" mi="2" ci="0" mb="2" cb="0"/><line nr="3461" mi="6" ci="0" mb="0" cb="0"/><line nr="3463" mi="2" ci="0" mb="0" cb="0"/><line nr="3836" mi="0" ci="1" mb="0" cb="0"/><line nr="3837" mi="0" ci="6" mb="0" cb="0"/><line nr="3839" mi="0" ci="4" mb="0" cb="0"/><line nr="3840" mi="0" ci="8" mb="0" cb="2"/><line nr="3841" mi="0" ci="10" mb="0" cb="0"/><line nr="3843" mi="0" ci="1" mb="0" cb="0"/><counter type="INSTRUCTION" missed="2477" covered="6649"/><counter type="BRANCH" missed="246" covered="307"/><counter type="LINE" missed="469" covered="1385"/><counter type="COMPLEXITY" missed="463" covered="149"/><counter type="METHOD" missed="229" covered="80"/><counter type="CLASS" missed="1" covered="37"/></sourcefile><sourcefile name="DecaLexer.java"><line nr="14" mi="0" ci="3" mb="0" cb="0"/><line nr="17" mi="0" ci="1" mb="0" cb="0"/><line nr="18" mi="0" ci="3" mb="0" cb="0"/><line nr="28" mi="0" ci="5" mb="0" cb="0"/><line nr="29" mi="0" ci="6" mb="0" cb="0"/><line nr="32" mi="0" ci="5" mb="0" cb="0"/><line nr="33" mi="0" ci="2" mb="0" cb="0"/><line nr="37" mi="0" ci="5" mb="0" cb="0"/><line nr="38" mi="0" ci="32" mb="0" cb="0"/><line nr="39" mi="0" ci="32" mb="0" cb="0"/><line nr="40" mi="0" ci="28" mb="0" cb="0"/><line nr="41" mi="0" ci="36" mb="0" cb="0"/><line nr="42" mi="0" ci="40" mb="0" cb="0"/><line nr="43" mi="0" ci="28" mb="0" cb="0"/><line nr="44" mi="0" ci="32" mb="0" cb="0"/><line nr="45" mi="0" ci="24" mb="0" cb="0"/><line nr="46" mi="0" ci="6" mb="0" cb="0"/><line nr="49" mi="0" ci="2" mb="0" cb="0"/><line nr="52" mi="0" ci="5" mb="0" cb="0"/><line nr="53" mi="0" ci="32" mb="0" cb="0"/><line nr="54" mi="0" ci="24" mb="0" cb="0"/><line nr="55" mi="0" ci="24" mb="0" cb="0"/><line nr="56" mi="0" ci="28" mb="0" cb="0"/><line nr="57" mi="0" ci="40" mb="0" cb="0"/><line nr="58" mi="0" ci="22" mb="0" cb="0"/><line nr="61" mi="0" ci="2" mb="0" cb="0"/><line nr="63" mi="0" ci="5" mb="0" cb="0"/><line nr="64" mi="0" ci="28" mb="0" cb="0"/><line nr="65" mi="0" ci="32" mb="0" cb="0"/><line nr="66" mi="0" ci="24" mb="0" cb="0"/><line nr="67" mi="0" ci="36" mb="0" cb="0"/><line nr="68" mi="0" ci="40" mb="0" cb="0"/><line nr="69" mi="0" ci="32" mb="0" cb="0"/><line nr="70" mi="0" ci="14" mb="0" cb="0"/><line nr="73" mi="0" ci="2" mb="0" cb="0"/><line nr="74" mi="0" ci="6" mb="0" cb="0"/><line nr="82" mi="0" ci="4" mb="0" cb="0"/><line nr="83" mi="0" ci="8" mb="0" cb="2"/><line nr="84" mi="0" ci="6" mb="0" cb="0"/><line nr="85" mi="0" ci="4" mb="0" cb="2"/><line nr="86" mi="0" ci="6" mb="0" cb="0"/><line nr="89" mi="0" ci="4" mb="0" cb="2"/><line nr="90" mi="0" ci="4" mb="0" cb="0"/><line nr="98" mi="2" ci="0" mb="0" cb="0"/><line nr="104" mi="0" ci="2" mb="0" cb="0"/><line nr="112" mi="0" ci="3" mb="0" cb="0"/><line nr="113" mi="0" ci="9" mb="0" cb="0"/><line nr="114" mi="0" ci="1" mb="0" cb="0"/><line nr="117" mi="2" ci="0" mb="0" cb="0"/><line nr="120" mi="2" ci="0" mb="0" cb="0"/><line nr="123" mi="2" ci="0" mb="0" cb="0"/><line nr="126" mi="2" ci="0" mb="0" cb="0"/><line nr="129" mi="2" ci="0" mb="0" cb="0"/><line nr="132" mi="2" ci="0" mb="0" cb="0"/><line nr="136" mi="0" ci="2" mb="2" cb="3"/><line nr="138" mi="0" ci="4" mb="0" cb="0"/><line nr="139" mi="0" ci="1" mb="0" cb="0"/><line nr="141" mi="0" ci="4" mb="0" cb="0"/><line nr="142" mi="0" ci="1" mb="0" cb="0"/><line nr="144" mi="0" ci="4" mb="0" cb="0"/><line nr="145" mi="0" ci="1" mb="0" cb="0"/><line nr="147" mi="4" ci="0" mb="0" cb="0"/><line nr="150" mi="0" ci="1" mb="0" cb="0"/><line nr="152" mi="0" ci="2" mb="1" cb="1"/><line nr="154" mi="0" ci="2" mb="0" cb="0"/><line nr="157" mi="0" ci="1" mb="0" cb="0"/><line nr="159" mi="0" ci="2" mb="1" cb="1"/><line nr="161" mi="0" ci="2" mb="0" cb="0"/><line nr="164" mi="0" ci="1" mb="0" cb="0"/><line nr="166" mi="0" ci="2" mb="1" cb="1"/><line nr="168" mi="0" ci="2" mb="0" cb="0"/><line nr="171" mi="0" ci="1" mb="0" cb="0"/><line nr="173" mi="2" ci="0" mb="2" cb="0"/><line nr="176" mi="4" ci="0" mb="0" cb="0"/><line nr="177" mi="2" ci="0" mb="0" cb="0"/><line nr="182" mi="1" ci="0" mb="0" cb="0"/><line nr="481" mi="0" ci="1" mb="0" cb="0"/><line nr="482" mi="0" ci="6" mb="0" cb="0"/><line nr="484" mi="0" ci="4" mb="0" cb="0"/><line nr="485" mi="0" ci="8" mb="0" cb="2"/><line nr="486" mi="0" ci="10" mb="0" cb="0"/><line nr="488" mi="0" ci="1" mb="0" cb="0"/><counter type="INSTRUCTION" missed="27" covered="800"/><counter type="BRANCH" missed="7" covered="14"/><counter type="LINE" missed="12" covered="70"/><counter type="COMPLEXITY" missed="14" covered="16"/><counter type="METHOD" missed="8" covered="10"/><counter type="CLASS" missed="0" covered="1"/></sourcefile><sourcefile name="FloatTooLargeException.java"><line nr="7" mi="0" ci="4" mb="0" cb="0"/><line nr="8" mi="0" ci="1" mb="0" cb="0"/><line nr="12" mi="0" ci="2" mb="0" cb="0"/><counter type="INSTRUCTION" missed="0" covered="7"/><counter type="LINE" missed="0" covered="3"/><counter type="COMPLEXITY" missed="0" covered="2"/><counter type="METHOD" missed="0" covered="2"/><counter type="CLASS" missed="0" covered="1"/></sourcefile><sourcefile name="DecacErrorListner.java"><line nr="24" mi="0" ci="4" mb="0" cb="0"/><line nr="28" mi="0" ci="2" mb="0" cb="0"/><line nr="29" mi="0" ci="3" mb="0" cb="0"/><line nr="30" mi="0" ci="1" mb="0" cb="0"/><line nr="36" mi="0" ci="2" mb="0" cb="0"/><line nr="37" mi="0" ci="2" mb="0" cb="2"/><line nr="38" mi="0" ci="3" mb="0" cb="0"/><line nr="41" mi="0" ci="2" mb="0" cb="2"/><line nr="42" mi="0" ci="3" mb="0" cb="0"/><line nr="43" mi="0" ci="6" mb="0" cb="0"/><line nr="44" mi="0" ci="2" mb="0" cb="0"/><line nr="45" mi="0" ci="3" mb="0" cb="0"/><line nr="46" mi="0" ci="4" mb="1" cb="1"/><line nr="47" mi="11" ci="0" mb="0" cb="0"/><line nr="48" mi="4" ci="0" mb="0" cb="0"/><line nr="49" mi="1" ci="0" mb="0" cb="0"/><line nr="50" mi="0" ci="6" mb="0" cb="0"/><line nr="51" mi="0" ci="3" mb="0" cb="0"/><line nr="53" mi="0" ci="3" mb="0" cb="2"/><line nr="56" mi="0" ci="4" mb="0" cb="0"/><line nr="57" mi="0" ci="1" mb="0" cb="0"/><line nr="58" mi="0" ci="4" mb="0" cb="0"/><line nr="60" mi="0" ci="7" mb="0" cb="0"/><line nr="62" mi="0" ci="4" mb="0" cb="0"/><line nr="63" mi="0" ci="5" mb="0" cb="0"/><line nr="68" mi="5" ci="0" mb="0" cb="0"/><line nr="73" mi="5" ci="0" mb="0" cb="0"/><line nr="78" mi="5" ci="0" mb="0" cb="0"/><counter type="INSTRUCTION" missed="31" covered="74"/><counter type="BRANCH" missed="1" covered="7"/><counter type="LINE" missed="6" covered="22"/><counter type="COMPLEXITY" missed="4" covered="6"/><counter type="METHOD" missed="3" covered="3"/><counter type="CLASS" missed="0" covered="1"/></sourcefile><sourcefile name="FloatTooSmallException.java"><line nr="8" mi="0" ci="4" mb="0" cb="0"/><line nr="9" mi="0" ci="1" mb="0" cb="0"/><line nr="13" mi="0" ci="2" mb="0" cb="0"/><counter type="INSTRUCTION" missed="0" covered="7"/><counter type="LINE" missed="0" covered="3"/><counter type="COMPLEXITY" missed="0" covered="2"/><counter type="METHOD" missed="0" covered="2"/><counter type="CLASS" missed="0" covered="1"/></sourcefile><counter type="INSTRUCTION" missed="2754" covered="7951"/><counter type="BRANCH" missed="278" covered="348"/><counter type="LINE" missed="537" covered="1591"/><counter type="COMPLEXITY" missed="509" covered="206"/><counter type="METHOD" missed="249" covered="125"/><counter type="CLASS" missed="3" covered="48"/></package><counter type="INSTRUCTION" missed="8472" covered="13527"/><counter type="BRANCH" missed="562" covered="623"/><counter type="LINE" missed="1786" covered="2980"/><counter type="COMPLEXITY" missed="1048" covered="742"/><counter type="METHOD" missed="602" covered="566"/><counter type="CLASS" missed="59" covered="189"/></report>